#
# There is insufficient memory for the Java Runtime Environment to continue.
# Native memory allocation (mmap) failed to map 136314880 bytes for committing reserved memory.
# Possible reasons:
#   The system is out of physical RAM or swap space
#   In 32 bit mode, the process size limit was hit
# Possible solutions:
#   Reduce memory load on the system
#   Increase physical memory or swap space
#   Check if swap backing store is full
#   Use 64 bit Java on a 64 bit OS
#   Decrease Java heap size (-Xmx/-Xms)
#   Decrease number of Java threads
#   Decrease Java thread stack sizes (-Xss)
#   Set larger code cache with -XX:ReservedCodeCacheSize=
# This output file may be truncated or incomplete.
#
#  Out of Memory Error (os_linux.cpp:2640), pid=11914, tid=0x00007f5edebeb700
#
# JRE version: Java(TM) SE Runtime Environment (8.0_171-b11) (build 1.8.0_171-b11)
# Java VM: Java HotSpot(TM) 64-Bit Server VM (25.171-b11 mixed mode linux-amd64 compressed oops)
# Failed to write core dump. Core dumps have been disabled. To enable core dumping, try "ulimit -c unlimited" before starting Java again
#

---------------  T H R E A D  ---------------

Current thread (0x00007f5f0c07d800):  VMThread [stack: 0x00007f5edeaeb000,0x00007f5edebec000] [id=11999]

Stack: [0x00007f5edeaeb000,0x00007f5edebec000],  sp=0x00007f5edebea120,  free space=1020k
Native frames: (J=compiled Java code, j=interpreted, Vv=VM code, C=native code)
V  [libjvm.so+0xacfffa]  VMError::report_and_die()+0x2ba
V  [libjvm.so+0x5005cb]  report_vm_out_of_memory(char const*, int, unsigned long, VMErrorType, char const*)+0x8b
V  [libjvm.so+0x92dd93]  os::Linux::commit_memory_impl(char*, unsigned long, bool)+0x123
V  [libjvm.so+0x92dfb9]  os::pd_commit_memory(char*, unsigned long, unsigned long, bool)+0x29
V  [libjvm.so+0x92527a]  os::commit_memory(char*, unsigned long, unsigned long, bool)+0x2a
V  [libjvm.so+0x99b223]  PSVirtualSpace::expand_by(unsigned long)+0x53
V  [libjvm.so+0x99c628]  PSYoungGen::resize_generation(unsigned long, unsigned long)+0xf8
V  [libjvm.so+0x99b782]  PSYoungGen::resize(unsigned long, unsigned long)+0x22
V  [libjvm.so+0x998a5b]  PSScavenge::invoke_no_policy()+0xf3b
V  [libjvm.so+0x9991e1]  PSScavenge::invoke()+0x41
V  [libjvm.so+0x94fcb0]  ParallelScavengeHeap::failed_mem_allocate(unsigned long)+0x70
V  [libjvm.so+0xad1a77]  VM_ParallelGCFailedAllocation::doit()+0x97
V  [libjvm.so+0xad9595]  VM_Operation::evaluate()+0x55
V  [libjvm.so+0xad795a]  VMThread::evaluate_operation(VM_Operation*)+0xba
V  [libjvm.so+0xad7cde]  VMThread::loop()+0x1ce
V  [libjvm.so+0xad8150]  VMThread::run()+0x70
V  [libjvm.so+0x92e0f8]  java_start(Thread*)+0x108

VM_Operation (0x00007f5e36ced4c0): ParallelGCFailedAllocation, mode: safepoint, requested by thread 0x00007f5e942fe800


---------------  P R O C E S S  ---------------

Java Threads: ( => current thread )
  0x00007f5e54003000 JavaThread "disruptor-flush-task-pool" daemon [_thread_blocked, id=12239, stack(0x00007f5e356db000,0x00007f5e357dc000)]
  0x00007f5e90007000 JavaThread "pool-56-thread-1" daemon [_thread_blocked, id=12197, stack(0x00007f5e357dc000,0x00007f5e358dd000)]
  0x00007f5ebc01a800 JavaThread "pool-54-thread-1" daemon [_thread_blocked, id=12196, stack(0x00007f5e358dd000,0x00007f5e359de000)]
  0x00007f5e90005800 JavaThread "Thread-38" [_thread_blocked, id=12195, stack(0x00007f5e359de000,0x00007f5e35adf000)]
  0x00007f5ebc019000 JavaThread "Thread-37" [_thread_blocked, id=12194, stack(0x00007f5e35adf000,0x00007f5e35be0000)]
  0x00007f5e90003800 JavaThread "Thread-36" [_thread_in_native, id=12193, stack(0x00007f5e35be0000,0x00007f5e35ce1000)]
  0x00007f5ebc017800 JavaThread "Thread-35" [_thread_in_native, id=12192, stack(0x00007f5e35ce1000,0x00007f5e35de2000)]
  0x00007f5ec44aa800 JavaThread "pool-52-thread-1" daemon [_thread_blocked, id=12170, stack(0x00007f5e35de2000,0x00007f5e35ee3000)]
  0x00007f5ea0006800 JavaThread "pool-50-thread-1" daemon [_thread_blocked, id=12164, stack(0x00007f5e360e3000,0x00007f5e361e4000)]
  0x00007f5e88013000 JavaThread "pool-48-thread-1" daemon [_thread_blocked, id=12154, stack(0x00007f5e361e4000,0x00007f5e362e5000)]
  0x00007f5e8800d800 JavaThread "Thread-34" [_thread_blocked, id=12153, stack(0x00007f5e362e5000,0x00007f5e363e6000)]
  0x00007f5e8800c000 JavaThread "Thread-33" [_thread_in_native, id=12152, stack(0x00007f5e363e6000,0x00007f5e364e7000)]
  0x00007f5ec4093800 JavaThread "process reaper" daemon [_thread_in_native, id=12139, stack(0x00007f5eb4086000,0x00007f5eb40bf000)]
  0x00007f5e88003000 JavaThread "process reaper" daemon [_thread_in_native, id=12138, stack(0x00007f5eb40bf000,0x00007f5eb40f8000)]
  0x00007f5e90002000 JavaThread "process reaper" daemon [_thread_in_native, id=12137, stack(0x00007f5edc02c000,0x00007f5edc065000)]
  0x00007f5ebc016000 JavaThread "process reaper" daemon [_thread_in_native, id=12136, stack(0x00007f5edc065000,0x00007f5edc09e000)]
  0x00007f5ea000a800 JavaThread "process reaper" daemon [_thread_in_native, id=12135, stack(0x00007f5edc09e000,0x00007f5edc0d7000)]
  0x00007f5e9430d000 JavaThread "Thread-31-disruptor-worker-transfer-queue" [_thread_blocked, id=12129, stack(0x00007f5e364e7000,0x00007f5e365e8000)]
  0x00007f5e9430a800 JavaThread "Thread-30-text_recording_spout-executor[4 4]" [_thread_blocked, id=12128, stack(0x00007f5e365e8000,0x00007f5e366e9000)]
  0x00007f5e94309000 JavaThread "Thread-29-disruptor-executor[4 4]-send-queue" [_thread_blocked, id=12127, stack(0x00007f5e366e9000,0x00007f5e367ea000)]
  0x00007f5e94307000 JavaThread "Thread-28-video_decoder_bolt-executor[5 5]" [_thread_blocked, id=12126, stack(0x00007f5e367ea000,0x00007f5e368eb000)]
  0x00007f5e94306000 JavaThread "Thread-27-disruptor-executor[5 5]-send-queue" [_thread_blocked, id=12125, stack(0x00007f5e368eb000,0x00007f5e369ec000)]
  0x00007f5e94303800 JavaThread "Thread-26-__system-executor[-1 -1]" [_thread_blocked, id=12124, stack(0x00007f5e369ec000,0x00007f5e36aed000)]
  0x00007f5e942ff800 JavaThread "Thread-25-disruptor-executor[-1 -1]-send-queue" [_thread_blocked, id=12123, stack(0x00007f5e36aed000,0x00007f5e36bee000)]
  0x00007f5e942fe800 JavaThread "Thread-24-video_recording_spout-executor[6 6]" [_thread_blocked, id=12122, stack(0x00007f5e36bee000,0x00007f5e36cef000)]
  0x00007f5e942fb000 JavaThread "Thread-23-disruptor-executor[6 6]-send-queue" [_thread_blocked, id=12121, stack(0x00007f5e36cef000,0x00007f5e36df0000)]
  0x00007f5e942f9000 JavaThread "Thread-22-__acker-executor[1 1]" [_thread_blocked, id=12120, stack(0x00007f5e36df0000,0x00007f5e36ef1000)]
  0x00007f5e942f7800 JavaThread "Thread-21-disruptor-executor[1 1]-send-queue" [_thread_blocked, id=12119, stack(0x00007f5e36ef1000,0x00007f5e36ff2000)]
  0x00007f5e942f5800 JavaThread "Thread-20-text_decoder_bolt-executor[3 3]" [_thread_blocked, id=12118, stack(0x00007f5e36ff2000,0x00007f5e370f3000)]
  0x00007f5e942f4000 JavaThread "Thread-19-disruptor-executor[3 3]-send-queue" [_thread_blocked, id=12117, stack(0x00007f5e370f3000,0x00007f5e371f4000)]
  0x00007f5e942e7800 JavaThread "Thread-18-graph_writer_bolt-executor[2 2]" [_thread_blocked, id=12116, stack(0x00007f5e371f4000,0x00007f5e372f5000)]
  0x00007f5e942ea000 JavaThread "Thread-17-disruptor-executor[2 2]-send-queue" [_thread_blocked, id=12115, stack(0x00007f5e372f5000,0x00007f5e373f6000)]
  0x00007f5e94106000 JavaThread "user-timer" daemon [_thread_blocked, id=12114, stack(0x00007f5e373f6000,0x00007f5e374f7000)]
  0x00007f5e94104000 JavaThread "refresh-backpressure-timer" daemon [_thread_blocked, id=12113, stack(0x00007f5e374f7000,0x00007f5e375f8000)]
  0x00007f5e94102800 JavaThread "executor-heartbeat-timer" daemon [_thread_blocked, id=12112, stack(0x00007f5e375f8000,0x00007f5e376f9000)]
  0x00007f5e94100800 JavaThread "refresh-active-timer" daemon [_thread_blocked, id=12111, stack(0x00007f5e376f9000,0x00007f5e377fa000)]
  0x00007f5e940f7000 JavaThread "reset-log-levels-timer" daemon [_thread_blocked, id=12110, stack(0x00007f5e377fa000,0x00007f5e378fb000)]
  0x00007f5e940f5000 JavaThread "refresh-credentials-timer" daemon [_thread_blocked, id=12109, stack(0x00007f5e378fb000,0x00007f5e379fc000)]
  0x00007f5e940eb000 JavaThread "refresh-connections-timer" daemon [_thread_blocked, id=12108, stack(0x00007f5e379fc000,0x00007f5e37afd000)]
  0x00007f5e940b8000 JavaThread "refresh-load-timer" daemon [_thread_blocked, id=12107, stack(0x00007f5e37afd000,0x00007f5e37bfe000)]
  0x00007f5e940b7000 JavaThread "heartbeat-timer" daemon [_thread_blocked, id=12106, stack(0x00007f5e37bfe000,0x00007f5e37cff000)]
  0x00007f5e54001000 JavaThread "disruptor-flush-task-pool" daemon [_thread_blocked, id=12105, stack(0x00007f5e37cff000,0x00007f5e37e00000)]
  0x00007f5e94089800 JavaThread "disruptor-metrics-reporter" daemon [_thread_blocked, id=12104, stack(0x00007f5e8c0c5000,0x00007f5e8c1c6000)]
  0x00007f5e94087800 JavaThread "metric/stat timer" daemon [_thread_blocked, id=12103, stack(0x00007f5e8c4c9000,0x00007f5e8c5ca000)]
  0x00007f5e94080000 JavaThread "disruptor-flush-trigger" daemon [_thread_blocked, id=12102, stack(0x00007f5e8c1c6000,0x00007f5e8c2c7000)]
  0x00007f5e94046800 JavaThread "Curator-Framework-0" daemon [_thread_blocked, id=12101, stack(0x00007f5e8c2c7000,0x00007f5e8c3c8000)]
  0x00007f5e94045800 JavaThread "SLOT_1024-EventThread" daemon [_thread_blocked, id=12100, stack(0x00007f5e8c3c8000,0x00007f5e8c4c9000)]
  0x00007f5e94044800 JavaThread "SLOT_1024-SendThread(localhost:2006)" daemon [_thread_blocked, id=12099, stack(0x00007f5e8c5ca000,0x00007f5e8c6cb000)]
  0x00007f5e94040800 JavaThread "Curator-ConnectionStateManager-0" daemon [_thread_blocked, id=12098, stack(0x00007f5e8c6cb000,0x00007f5e8c7cc000)]
  0x00007f5e94001800 JavaThread "Async Localizer" [_thread_blocked, id=12089, stack(0x00007f5e8d2d7000,0x00007f5e8d3d8000)]
  0x00007f5f0c643000 JavaThread "Localizer Cache Cleanup" [_thread_blocked, id=12088, stack(0x00007f5e8c7cc000,0x00007f5e8c8cd000)]
  0x00007f5f0c641000 JavaThread "SLOT_1029" [_thread_blocked, id=12087, stack(0x00007f5e8c8cd000,0x00007f5e8c9ce000)]
  0x00007f5f0c63f800 JavaThread "SLOT_1028" [_thread_blocked, id=12086, stack(0x00007f5e8c9ce000,0x00007f5e8cacf000)]
  0x00007f5f0c63d800 JavaThread "SLOT_1027" [_thread_blocked, id=12085, stack(0x00007f5e8cacf000,0x00007f5e8cbd0000)]
  0x00007f5f0c63c000 JavaThread "Thread-14" [_thread_blocked, id=12084, stack(0x00007f5e8cbd0000,0x00007f5e8ccd1000)]
  0x00007f5f0c63a000 JavaThread "blob-update-timer" daemon [_thread_blocked, id=12083, stack(0x00007f5e8ccd1000,0x00007f5e8cdd2000)]
  0x00007f5f0c638000 JavaThread "timer" daemon [_thread_blocked, id=12082, stack(0x00007f5e8cdd2000,0x00007f5e8ced3000)]
  0x00007f5f0c636800 JavaThread "timer" daemon [_thread_blocked, id=12081, stack(0x00007f5e8ced3000,0x00007f5e8cfd4000)]
  0x00007f5f0c634800 JavaThread "Curator-Framework-0" daemon [_thread_blocked, id=12080, stack(0x00007f5e8cfd4000,0x00007f5e8d0d5000)]
  0x00007f5f0c631000 JavaThread "main-EventThread" daemon [_thread_blocked, id=12079, stack(0x00007f5e8d3d8000,0x00007f5e8d4d9000)]
  0x00007f5f0c606800 JavaThread "main-SendThread(localhost:2006)" daemon [_thread_blocked, id=12078, stack(0x00007f5e8d0d5000,0x00007f5e8d1d6000)]
  0x00007f5f0c632800 JavaThread "Curator-ConnectionStateManager-0" daemon [_thread_blocked, id=12077, stack(0x00007f5e8d1d6000,0x00007f5e8d2d7000)]
  0x00007f5f0c60b800 JavaThread "Localizer Cache Cleanup" [_thread_blocked, id=12072, stack(0x00007f5e8d4d9000,0x00007f5e8d5da000)]
  0x00007f5f0c609800 JavaThread "SLOT_1026" [_thread_blocked, id=12071, stack(0x00007f5e8d5da000,0x00007f5e8d6db000)]
  0x00007f5f0c608000 JavaThread "SLOT_1025" [_thread_blocked, id=12070, stack(0x00007f5e8d6db000,0x00007f5e8d7dc000)]
  0x00007f5f0cd8a000 JavaThread "SLOT_1024" [_thread_blocked, id=12069, stack(0x00007f5e8d7dc000,0x00007f5e8d8dd000)]
  0x00007f5f0c5fe800 JavaThread "Thread-10" [_thread_blocked, id=12068, stack(0x00007f5e8e6eb000,0x00007f5e8e7ec000)]
  0x00007f5f0c5fc000 JavaThread "blob-update-timer" daemon [_thread_blocked, id=12067, stack(0x00007f5e8d8dd000,0x00007f5e8d9de000)]
  0x00007f5f0c5fa800 JavaThread "timer" daemon [_thread_blocked, id=12066, stack(0x00007f5e8d9de000,0x00007f5e8dadf000)]
  0x00007f5f0c73e000 JavaThread "timer" daemon [_thread_blocked, id=12065, stack(0x00007f5e8dadf000,0x00007f5e8dbe0000)]
  0x00007f5f0c72c000 JavaThread "Curator-Framework-0" daemon [_thread_blocked, id=12064, stack(0x00007f5e8dbe0000,0x00007f5e8dce1000)]
  0x00007f5f0c737000 JavaThread "main-EventThread" daemon [_thread_blocked, id=12063, stack(0x00007f5e8dce1000,0x00007f5e8dde2000)]
  0x00007f5f0c736800 JavaThread "main-SendThread(localhost:2006)" daemon [_thread_blocked, id=12062, stack(0x00007f5e8e1e6000,0x00007f5e8e2e7000)]
  0x00007f5f0c738800 JavaThread "Curator-ConnectionStateManager-0" daemon [_thread_blocked, id=12061, stack(0x00007f5e8dde2000,0x00007f5e8dee3000)]
  0x00007f5f0cd84800 JavaThread "Curator-Framework-0" daemon [_thread_blocked, id=12056, stack(0x00007f5e8dee3000,0x00007f5e8dfe4000)]
  0x00007f5f0c7e1000 JavaThread "main-EventThread" daemon [_thread_blocked, id=12055, stack(0x00007f5e8dfe4000,0x00007f5e8e0e5000)]
  0x00007f5f0cd82800 JavaThread "main-SendThread(localhost:2006)" daemon [_thread_blocked, id=12054, stack(0x00007f5e8e2e7000,0x00007f5e8e3e8000)]
  0x00007f5f0cd80800 JavaThread "Curator-ConnectionStateManager-0" daemon [_thread_blocked, id=12053, stack(0x00007f5e8e0e5000,0x00007f5e8e1e6000)]
  0x00007f5f0c7df800 JavaThread "Curator-Framework-0" daemon [_thread_blocked, id=12048, stack(0x00007f5e8e3e8000,0x00007f5e8e4e9000)]
  0x00007f5f0c9c1800 JavaThread "main-EventThread" daemon [_thread_blocked, id=12047, stack(0x00007f5e8e4e9000,0x00007f5e8e5ea000)]
  0x00007f5f0c7dc000 JavaThread "main-SendThread(localhost:2006)" daemon [_thread_blocked, id=12046, stack(0x00007f5e8e9ec000,0x00007f5e8eaed000)]
  0x00007f5f0c7dd800 JavaThread "Curator-ConnectionStateManager-0" daemon [_thread_blocked, id=12045, stack(0x00007f5e8e5ea000,0x00007f5e8e6eb000)]
  0x00007f5f0c87b000 JavaThread "Thread-6" daemon [_thread_blocked, id=12039, stack(0x00007f5e8f1f4000,0x00007f5e8f2f5000)]
  0x00007f5f0c879000 JavaThread "Curator-Framework-0" daemon [_thread_blocked, id=12038, stack(0x00007f5e8eaed000,0x00007f5e8ebee000)]
  0x00007f5f0c877800 JavaThread "main-EventThread" daemon [_thread_blocked, id=12037, stack(0x00007f5e8ebee000,0x00007f5e8ecef000)]
  0x00007f5f0c875800 JavaThread "main-SendThread(localhost:2006)" daemon [_thread_blocked, id=12036, stack(0x00007f5e8ecef000,0x00007f5e8edf0000)]
  0x00007f5f0c874000 JavaThread "Curator-ConnectionStateManager-0" daemon [_thread_blocked, id=12035, stack(0x00007f5e8edf0000,0x00007f5e8eef1000)]
  0x00007f5f0c872800 JavaThread "Curator-Framework-0" daemon [_thread_blocked, id=12034, stack(0x00007f5e8eef1000,0x00007f5e8eff2000)]
  0x00007f5f0c87c000 JavaThread "main-EventThread" daemon [_thread_blocked, id=12033, stack(0x00007f5e8eff2000,0x00007f5e8f0f3000)]
  0x00007f5f0c87d800 JavaThread "main-SendThread(localhost:2006)" daemon [_thread_blocked, id=12032, stack(0x00007f5e8f2f5000,0x00007f5e8f3f6000)]
  0x00007f5f0c8c2000 JavaThread "Curator-ConnectionStateManager-0" daemon [_thread_blocked, id=12031, stack(0x00007f5e8f0f3000,0x00007f5e8f1f4000)]
  0x00007f5f0c8bd000 JavaThread "Thread-5" daemon [_thread_blocked, id=12026, stack(0x00007f5e8f3f6000,0x00007f5e8f4f7000)]
  0x00007f5f0c8bb800 JavaThread "Thread-4" daemon [_thread_blocked, id=12025, stack(0x00007f5e8f4f7000,0x00007f5e8f5f8000)]
  0x00007f5f0c936000 JavaThread "Thread-3" daemon [_thread_blocked, id=12024, stack(0x00007f5e8f5f8000,0x00007f5e8f6f9000)]
  0x00007f5f0c930000 JavaThread "timer" daemon [_thread_blocked, id=12023, stack(0x00007f5e8f6f9000,0x00007f5e8f7fa000)]
  0x00007f5f0c316800 JavaThread "Thread-2" daemon [_thread_blocked, id=12022, stack(0x00007f5e8f7fa000,0x00007f5e8f8fb000)]
  0x00007f5f0c94a800 JavaThread "Curator-Framework-0" daemon [_thread_blocked, id=12021, stack(0x00007f5e8f8fb000,0x00007f5e8f9fc000)]
  0x00007f5f0c948800 JavaThread "main-EventThread" daemon [_thread_blocked, id=12020, stack(0x00007f5e8f9fc000,0x00007f5e8fafd000)]
  0x00007f5f0c947000 JavaThread "main-SendThread(localhost:2006)" daemon [_thread_blocked, id=12019, stack(0x00007f5e8fafd000,0x00007f5e8fbfe000)]
  0x00007f5f0c946000 JavaThread "Curator-ConnectionStateManager-0" daemon [_thread_blocked, id=12018, stack(0x00007f5e8fbfe000,0x00007f5e8fcff000)]
  0x00007f5f0c6b8800 JavaThread "FileBlobStore cleanup thread" daemon [_thread_blocked, id=12017, stack(0x00007f5e8fcff000,0x00007f5e8fe00000)]
  0x00007f5f0c89a800 JavaThread "Curator-Framework-0" daemon [_thread_blocked, id=12016, stack(0x00007f5eb40f8000,0x00007f5eb41f9000)]
  0x00007f5f0c86a000 JavaThread "main-EventThread" daemon [_thread_blocked, id=12015, stack(0x00007f5eb41f9000,0x00007f5eb42fa000)]
  0x00007f5f0c31a800 JavaThread "main-SendThread(localhost:2006)" daemon [_thread_blocked, id=12014, stack(0x00007f5eb42fa000,0x00007f5eb43fb000)]
  0x00007f5f0c895000 JavaThread "Curator-ConnectionStateManager-0" daemon [_thread_blocked, id=12013, stack(0x00007f5eb43fb000,0x00007f5eb44fc000)]
  0x00007f5f0cc49800 JavaThread "ProcessThread(sid:0 cport:-1):" [_thread_blocked, id=12012, stack(0x00007f5eb44fc000,0x00007f5eb45fd000)]
  0x00007f5f0cc3e800 JavaThread "SyncThread:0" [_thread_in_native, id=12011, stack(0x00007f5eb45fd000,0x00007f5eb46fe000)]
  0x00007f5f0cc40800 JavaThread "SessionTracker" [_thread_blocked, id=12010, stack(0x00007f5eb46fe000,0x00007f5eb47ff000)]
  0x00007f5f0cc50800 JavaThread "NIOServerCxn.Factory:0.0.0.0/0.0.0.0:2006" daemon [_thread_blocked, id=12009, stack(0x00007f5edc0d7000,0x00007f5edc1d8000)]
  0x00007f5f0c3d1800 JavaThread "Log4j2-TF-1-Scheduled-1" daemon [_thread_blocked, id=12008, stack(0x00007f5edd3f6000,0x00007f5edd4f7000)]
  0x00007f5f0c0cf000 JavaThread "Service Thread" daemon [_thread_blocked, id=12006, stack(0x00007f5eddfd6000,0x00007f5ede0d7000)]
  0x00007f5f0c0c4000 JavaThread "C1 CompilerThread2" daemon [_thread_blocked, id=12005, stack(0x00007f5ede0d7000,0x00007f5ede1d8000)]
  0x00007f5f0c0c2000 JavaThread "C2 CompilerThread1" daemon [_thread_blocked, id=12004, stack(0x00007f5ede1d8000,0x00007f5ede2d9000)]
  0x00007f5f0c0bf800 JavaThread "C2 CompilerThread0" daemon [_thread_blocked, id=12003, stack(0x00007f5ede2d9000,0x00007f5ede3da000)]
  0x00007f5f0c0be000 JavaThread "Signal Dispatcher" daemon [_thread_blocked, id=12002, stack(0x00007f5ede3da000,0x00007f5ede4db000)]
  0x00007f5f0c089800 JavaThread "Finalizer" daemon [_thread_blocked, id=12001, stack(0x00007f5ede8e9000,0x00007f5ede9ea000)]
  0x00007f5f0c085000 JavaThread "Reference Handler" daemon [_thread_blocked, id=12000, stack(0x00007f5ede9ea000,0x00007f5edeaeb000)]
  0x00007f5f0c00b800 JavaThread "main" [_thread_blocked, id=11992, stack(0x00007f5f13e4f000,0x00007f5f13f50000)]

Other Threads:
=>0x00007f5f0c07d800 VMThread [stack: 0x00007f5edeaeb000,0x00007f5edebec000] [id=11999]
  0x00007f5f0c0d4000 WatcherThread [stack: 0x00007f5edded5000,0x00007f5eddfd6000] [id=12007]

VM state:at safepoint (normal execution)

VM Mutex/Monitor currently owned by a thread:  ([mutex/lock_event])
[0x00007f5f0c007c80] Threads_lock - owner thread: 0x00007f5f0c07d800
[0x00007f5f0c008180] Heap_lock - owner thread: 0x00007f5e942fe800

Heap:
 PSYoungGen      total 514560K, used 6304K [0x00000000d6700000, 0x00000000f6a80000, 0x0000000100000000)
  eden space 503808K, 0% used [0x00000000d6700000,0x00000000d6700000,0x00000000f5300000)
  from space 10752K, 58% used [0x00000000f5300000,0x00000000f59280e0,0x00000000f5d80000)
  to   space 11264K, 0% used [0x00000000f5d80000,0x00000000f5d80000,0x00000000f6880000)
 ParOldGen       total 86528K, used 17865K [0x0000000083400000, 0x0000000088880000, 0x00000000d6700000)
  object space 86528K, 20% used [0x0000000083400000,0x0000000084572518,0x0000000088880000)
 Metaspace       used 47498K, capacity 48112K, committed 48256K, reserved 1089536K
  class space    used 8396K, capacity 8527K, committed 8576K, reserved 1048576K

Card table byte_map: [0x00007f5f107c4000,0x00007f5f10bab000] byte_map_base: 0x00007f5f103aa000

Marking Bits: (ParMarkBitMap*) 0x00007f5f1330b280
 Begin Bits: [0x00007f5ee41a0000, 0x00007f5ee60d0000)
 End Bits:   [0x00007f5ee60d0000, 0x00007f5ee8000000)

Polling page: 0x00007f5f13f6e000

CodeCache: size=245760Kb used=13419Kb max_used=13448Kb free=232340Kb
 bounds [0x00007f5efd000000, 0x00007f5efdd40000, 0x00007f5f0c000000]
 total_blobs=4451 nmethods=3937 adapters=429
 compilation: enabled

Compilation events (10 events):
Event: 113.848 Thread 0x00007f5f0c0c4000 nmethod 4772 0x00007f5efdd31c50 code [0x00007f5efdd31ec0, 0x00007f5efdd32de8]
Event: 114.012 Thread 0x00007f5f0c0c4000 4774       3       org.apache.storm.task.ShellBolt$BoltHeartbeatTimerTask::run (98 bytes)
Event: 114.034 Thread 0x00007f5f0c0bf800 nmethod 4771% 0x00007f5efdd352d0 code [0x00007f5efdd35460, 0x00007f5efdd35b78]
Event: 114.191 Thread 0x00007f5f0c0c2000 4776       4       clojure.lang.APersistentVector::nth (20 bytes)
Event: 114.192 Thread 0x00007f5f0c0c2000 nmethod 4776 0x00007f5efdd33750 code [0x00007f5efdd338a0, 0x00007f5efdd33998]
Event: 114.693 Thread 0x00007f5f0c0bf800 4779       4       java.util.concurrent.atomic.AtomicBoolean::set (14 bytes)
Event: 114.693 Thread 0x00007f5f0c0c2000 4780       4       java.util.concurrent.ConcurrentHashMap::values (27 bytes)
Event: 114.744 Thread 0x00007f5f0c0c2000 nmethod 4780 0x00007f5efdd2db90 code [0x00007f5efdd2dce0, 0x00007f5efdd2ddd8]
Event: 114.744 Thread 0x00007f5f0c0c2000 4781       4       java.util.concurrent.ConcurrentHashMap$ValuesView::iterator (34 bytes)
Event: 114.790 Thread 0x00007f5f0c0bf800 nmethod 4779 0x00007f5efdc44610 code [0x00007f5efdc44760, 0x00007f5efdc447d8]

GC Heap History (10 events):
Event: 64.498 GC heap after
Heap after GC invocations=16 (full 2):
 PSYoungGen      total 395776K, used 6176K [0x00000000d6700000, 0x00000000ef980000, 0x0000000100000000)
  eden space 388608K, 0% used [0x00000000d6700000,0x00000000d6700000,0x00000000ee280000)
  from space 7168K, 86% used [0x00000000ef280000,0x00000000ef888140,0x00000000ef980000)
  to   space 11776K, 0% used [0x00000000ee280000,0x00000000ee280000,0x00000000eee00000)
 ParOldGen       total 86528K, used 17825K [0x0000000083400000, 0x0000000088880000, 0x00000000d6700000)
  object space 86528K, 20% used [0x0000000083400000,0x0000000084568518,0x0000000088880000)
 Metaspace       used 47268K, capacity 47860K, committed 48000K, reserved 1089536K
  class space    used 8379K, capacity 8517K, committed 8576K, reserved 1048576K
}
Event: 72.494 GC heap before
{Heap before GC invocations=17 (full 2):
 PSYoungGen      total 395776K, used 394784K [0x00000000d6700000, 0x00000000ef980000, 0x0000000100000000)
  eden space 388608K, 100% used [0x00000000d6700000,0x00000000ee280000,0x00000000ee280000)
  from space 7168K, 86% used [0x00000000ef280000,0x00000000ef888140,0x00000000ef980000)
  to   space 11776K, 0% used [0x00000000ee280000,0x00000000ee280000,0x00000000eee00000)
 ParOldGen       total 86528K, used 17825K [0x0000000083400000, 0x0000000088880000, 0x00000000d6700000)
  object space 86528K, 20% used [0x0000000083400000,0x0000000084568518,0x0000000088880000)
 Metaspace       used 47334K, capacity 47890K, committed 48000K, reserved 1089536K
  class space    used 8382K, capacity 8522K, committed 8576K, reserved 1048576K
Event: 72.859 GC heap after
Heap after GC invocations=17 (full 2):
 PSYoungGen      total 400384K, used 6256K [0x00000000d6700000, 0x00000000f4b00000, 0x0000000100000000)
  eden space 388608K, 0% used [0x00000000d6700000,0x00000000d6700000,0x00000000ee280000)
  from space 11776K, 53% used [0x00000000ee280000,0x00000000ee89c110,0x00000000eee00000)
  to   space 11776K, 0% used [0x00000000f3f80000,0x00000000f3f80000,0x00000000f4b00000)
 ParOldGen       total 86528K, used 17833K [0x0000000083400000, 0x0000000088880000, 0x00000000d6700000)
  object space 86528K, 20% used [0x0000000083400000,0x000000008456a518,0x0000000088880000)
 Metaspace       used 47334K, capacity 47890K, committed 48000K, reserved 1089536K
  class space    used 8382K, capacity 8522K, committed 8576K, reserved 1048576K
}
Event: 81.114 GC heap before
{Heap before GC invocations=18 (full 2):
 PSYoungGen      total 400384K, used 394864K [0x00000000d6700000, 0x00000000f4b00000, 0x0000000100000000)
  eden space 388608K, 100% used [0x00000000d6700000,0x00000000ee280000,0x00000000ee280000)
  from space 11776K, 53% used [0x00000000ee280000,0x00000000ee89c110,0x00000000eee00000)
  to   space 11776K, 0% used [0x00000000f3f80000,0x00000000f3f80000,0x00000000f4b00000)
 ParOldGen       total 86528K, used 17833K [0x0000000083400000, 0x0000000088880000, 0x00000000d6700000)
  object space 86528K, 20% used [0x0000000083400000,0x000000008456a518,0x0000000088880000)
 Metaspace       used 47404K, capacity 47966K, committed 48256K, reserved 1089536K
  class space    used 8395K, capacity 8524K, committed 8576K, reserved 1048576K
Event: 81.122 GC heap after
Heap after GC invocations=18 (full 2):
 PSYoungGen      total 464896K, used 6240K [0x00000000d6700000, 0x00000000f4600000, 0x0000000100000000)
  eden space 458240K, 0% used [0x00000000d6700000,0x00000000d6700000,0x00000000f2680000)
  from space 6656K, 93% used [0x00000000f3f80000,0x00000000f4598100,0x00000000f4600000)
  to   space 11264K, 0% used [0x00000000f3000000,0x00000000f3000000,0x00000000f3b00000)
 ParOldGen       total 86528K, used 17841K [0x0000000083400000, 0x0000000088880000, 0x00000000d6700000)
  object space 86528K, 20% used [0x0000000083400000,0x000000008456c518,0x0000000088880000)
 Metaspace       used 47404K, capacity 47966K, committed 48256K, reserved 1089536K
  class space    used 8395K, capacity 8524K, committed 8576K, reserved 1048576K
}
Event: 90.489 GC heap before
{Heap before GC invocations=19 (full 2):
 PSYoungGen      total 464896K, used 464480K [0x00000000d6700000, 0x00000000f4600000, 0x0000000100000000)
  eden space 458240K, 100% used [0x00000000d6700000,0x00000000f2680000,0x00000000f2680000)
  from space 6656K, 93% used [0x00000000f3f80000,0x00000000f4598100,0x00000000f4600000)
  to   space 11264K, 0% used [0x00000000f3000000,0x00000000f3000000,0x00000000f3b00000)
 ParOldGen       total 86528K, used 17841K [0x0000000083400000, 0x0000000088880000, 0x00000000d6700000)
  object space 86528K, 20% used [0x0000000083400000,0x000000008456c518,0x0000000088880000)
 Metaspace       used 47437K, capacity 47972K, committed 48256K, reserved 1089536K
  class space    used 8395K, capacity 8525K, committed 8576K, reserved 1048576K
Event: 90.496 GC heap after
Heap after GC invocations=19 (full 2):
 PSYoungGen      total 479232K, used 6208K [0x00000000d6700000, 0x00000000f6880000, 0x0000000100000000)
  eden space 467968K, 0% used [0x00000000d6700000,0x00000000d6700000,0x00000000f3000000)
  from space 11264K, 55% used [0x00000000f3000000,0x00000000f3610100,0x00000000f3b00000)
  to   space 11264K, 0% used [0x00000000f5d80000,0x00000000f5d80000,0x00000000f6880000)
 ParOldGen       total 86528K, used 17849K [0x0000000083400000, 0x0000000088880000, 0x00000000d6700000)
  object space 86528K, 20% used [0x0000000083400000,0x000000008456e518,0x0000000088880000)
 Metaspace       used 47437K, capacity 47972K, committed 48256K, reserved 1089536K
  class space    used 8395K, capacity 8525K, committed 8576K, reserved 1048576K
}
Event: 100.159 GC heap before
{Heap before GC invocations=20 (full 2):
 PSYoungGen      total 479232K, used 474176K [0x00000000d6700000, 0x00000000f6880000, 0x0000000100000000)
  eden space 467968K, 100% used [0x00000000d6700000,0x00000000f3000000,0x00000000f3000000)
  from space 11264K, 55% used [0x00000000f3000000,0x00000000f3610100,0x00000000f3b00000)
  to   space 11264K, 0% used [0x00000000f5d80000,0x00000000f5d80000,0x00000000f6880000)
 ParOldGen       total 86528K, used 17849K [0x0000000083400000, 0x0000000088880000, 0x00000000d6700000)
  object space 86528K, 20% used [0x0000000083400000,0x000000008456e518,0x0000000088880000)
 Metaspace       used 47473K, capacity 48112K, committed 48256K, reserved 1089536K
  class space    used 8396K, capacity 8527K, committed 8576K, reserved 1048576K
Event: 100.174 GC heap after
Heap after GC invocations=20 (full 2):
 PSYoungGen      total 515072K, used 6272K [0x00000000d6700000, 0x00000000f6a80000, 0x0000000100000000)
  eden space 503808K, 0% used [0x00000000d6700000,0x00000000d6700000,0x00000000f5300000)
  from space 11264K, 55% used [0x00000000f5d80000,0x00000000f63a0120,0x00000000f6880000)
  to   space 10752K, 0% used [0x00000000f5300000,0x00000000f5300000,0x00000000f5d80000)
 ParOldGen       total 86528K, used 17857K [0x0000000083400000, 0x0000000088880000, 0x00000000d6700000)
  object space 86528K, 20% used [0x0000000083400000,0x0000000084570518,0x0000000088880000)
 Metaspace       used 47473K, capacity 48112K, committed 48256K, reserved 1089536K
  class space    used 8396K, capacity 8527K, committed 8576K, reserved 1048576K
}
Event: 115.840 GC heap before
{Heap before GC invocations=21 (full 2):
 PSYoungGen      total 515072K, used 510080K [0x00000000d6700000, 0x00000000f6a80000, 0x0000000100000000)
  eden space 503808K, 100% used [0x00000000d6700000,0x00000000f5300000,0x00000000f5300000)
  from space 11264K, 55% used [0x00000000f5d80000,0x00000000f63a0120,0x00000000f6880000)
  to   space 10752K, 0% used [0x00000000f5300000,0x00000000f5300000,0x00000000f5d80000)
 ParOldGen       total 86528K, used 17857K [0x0000000083400000, 0x0000000088880000, 0x00000000d6700000)
  object space 86528K, 20% used [0x0000000083400000,0x0000000084570518,0x0000000088880000)
 Metaspace       used 47498K, capacity 48112K, committed 48256K, reserved 1089536K
  class space    used 8396K, capacity 8527K, committed 8576K, reserved 1048576K

Deoptimization events (10 events):
Event: 73.282 Thread 0x00007f5e942f9000 Uncommon trap: reason=unstable_if action=reinterpret pc=0x00007f5efdbfecb4 method=org.apache.storm.util$iter_has_next_QMARK_.invoke(Ljava/lang/Object;)Ljava/lang/Object; @ 2
Event: 73.964 Thread 0x00007f5e94087800 Uncommon trap: reason=unstable_if action=reinterpret pc=0x00007f5efdad48bc method=java.util.TaskQueue.fixDown(I)V @ 70
Event: 74.457 Thread 0x00007f5e94087800 Uncommon trap: reason=unstable_if action=reinterpret pc=0x00007f5efd1983c8 method=java.util.TaskQueue.fixDown(I)V @ 70
Event: 104.946 Thread 0x00007f5e94080000 Uncommon trap: reason=unstable_if action=reinterpret pc=0x00007f5efd851c5c method=java.util.concurrent.ArrayBlockingQueue.offer(Ljava/lang/Object;)Z @ 22
Event: 105.791 Thread 0x00007f5e54001000 Uncommon trap: reason=unstable_if action=reinterpret pc=0x00007f5efdbfda44 method=java.util.concurrent.ThreadPoolExecutor.getTask()Ljava/lang/Runnable; @ 62
Event: 105.954 Thread 0x00007f5e54001000 Uncommon trap: reason=unstable_if action=reinterpret pc=0x00007f5efd3bf81c method=java.util.concurrent.ThreadPoolExecutor.getTask()Ljava/lang/Runnable; @ 62
Event: 106.018 Thread 0x00007f5e54003000 Uncommon trap: reason=unstable_if action=reinterpret pc=0x00007f5efdb53c88 method=java.util.concurrent.ThreadPoolExecutor.runWorker(Ljava/util/concurrent/ThreadPoolExecutor$Worker;)V @ 22
Event: 110.412 Thread 0x00007f5e54003000 Uncommon trap: reason=unstable_if action=reinterpret pc=0x00007f5efda0b96c method=org.apache.storm.utils.DisruptorQueue$Flusher.run()V @ 9
Event: 113.978 Thread 0x00007f5e54001000 Uncommon trap: reason=unstable_if action=reinterpret pc=0x00007f5efdd24090 method=java.util.concurrent.locks.AbstractQueuedSynchronizer.findNodeFromTail(Ljava/util/concurrent/locks/AbstractQueuedSynchronizer$Node;)Z @ 7
Event: 114.683 Thread 0x00007f5e54001000 Uncommon trap: reason=unstable_if action=reinterpret pc=0x00007f5efd605d28 method=org.apache.storm.utils.DisruptorQueue$Flusher.run()V @ 9

Classes redefined (0 events):
No events

Internal exceptions (10 events):
Event: 5.638 Thread 0x00007f5f0c930000 Implicit null exception at 0x00007f5efd6a51a9 to 0x00007f5efd6a5aed
Event: 6.485 Thread 0x00007f5f0c00b800 Implicit null exception at 0x00007f5efd1fd6f6 to 0x00007f5efd1fda89
Event: 6.598 Thread 0x00007f5f0c00b800 Exception <a 'java/lang/NoSuchMethodError': <clinit>> (0x00000000de1349d0) thrown at [/HUDSON/workspace/8-2-build-linux-amd64/jdk8u171/10807/hotspot/src/share/vm/prims/jni.cpp, line 1613]
Event: 6.648 Thread 0x00007f5f0c00b800 Exception <a 'java/io/IOException'> (0x00000000de37d2d0) thrown at [/HUDSON/workspace/8-2-build-linux-amd64/jdk8u171/10807/hotspot/src/share/vm/prims/jni.cpp, line 709]
Event: 6.693 Thread 0x00007f5f0c00b800 Exception <a 'java/io/IOException'> (0x00000000de38c4a0) thrown at [/HUDSON/workspace/8-2-build-linux-amd64/jdk8u171/10807/hotspot/src/share/vm/prims/jni.cpp, line 709]
Event: 6.787 Thread 0x00007f5f0c00b800 Exception <a 'java/io/IOException'> (0x00000000de434cf8) thrown at [/HUDSON/workspace/8-2-build-linux-amd64/jdk8u171/10807/hotspot/src/share/vm/prims/jni.cpp, line 709]
Event: 6.787 Thread 0x00007f5f0c00b800 Exception <a 'java/io/IOException'> (0x00000000de437bd0) thrown at [/HUDSON/workspace/8-2-build-linux-amd64/jdk8u171/10807/hotspot/src/share/vm/prims/jni.cpp, line 709]
Event: 11.951 Thread 0x00007f5f0cd8a000 Implicit null exception at 0x00007f5efd21106f to 0x00007f5efd211479
Event: 12.941 Thread 0x00007f5e942fe800 Implicit null exception at 0x00007f5efd5cf7ed to 0x00007f5efd5d024d
Event: 73.282 Thread 0x00007f5e942f9000 Implicit null exception at 0x00007f5efdbfebac to 0x00007f5efdbfeca1

Events (10 events):
Event: 114.683 Thread 0x00007f5e54001000 Uncommon trap: trap_request=0xffffff65 fr.pc=0x00007f5efd605d28
Event: 114.683 Thread 0x00007f5e54001000 DEOPT PACKING pc=0x00007f5efd605d28 sp=0x00007f5e37dfe7f0
Event: 114.683 Thread 0x00007f5e54001000 DEOPT UNPACKING pc=0x00007f5efd04547a sp=0x00007f5e37dfe7d0 mode 2
Event: 114.700 Executing VM operation: ParallelGCFailedAllocation
Event: 114.744 Thread 0x00007f5f0c0c2000 flushing nmethod 0x00007f5efd150d90
Event: 114.744 Thread 0x00007f5f0c0c2000 flushing nmethod 0x00007f5efd160e90
Event: 114.744 Thread 0x00007f5f0c0c2000 flushing nmethod 0x00007f5efd166c90
Event: 114.744 Thread 0x00007f5f0c0c2000 flushing nmethod 0x00007f5efd1679d0
Event: 114.790 Thread 0x00007f5f0c0bf800 flushing nmethod 0x00007f5efd1cb350
Event: 114.790 Thread 0x00007f5f0c0bf800 flushing nmethod 0x00007f5efd20f710


Dynamic libraries:
00400000-00401000 r-xp 00000000 08:01 2380198                            /usr/lib/jvm/java-8-oracle/bin/java
00600000-00601000 rw-p 00000000 08:01 2380198                            /usr/lib/jvm/java-8-oracle/bin/java
01247000-01268000 rw-p 00000000 00:00 0                                  [heap]
83400000-88880000 rw-p 00000000 00:00 0 
88880000-d6700000 ---p 00000000 00:00 0 
d6700000-f6a80000 rw-p 00000000 00:00 0 
fec80000-100000000 ---p 00000000 00:00 0 
100000000-100860000 rw-p 00000000 00:00 0 
100860000-140000000 ---p 00000000 00:00 0 
7f5e30000000-7f5e30021000 rw-p 00000000 00:00 0 
7f5e30021000-7f5e34000000 ---p 00000000 00:00 0 
7f5e356db000-7f5e356de000 ---p 00000000 00:00 0 
7f5e356de000-7f5e357dc000 rw-p 00000000 00:00 0 
7f5e357dc000-7f5e357df000 ---p 00000000 00:00 0 
7f5e357df000-7f5e358dd000 rw-p 00000000 00:00 0 
7f5e358dd000-7f5e358e0000 ---p 00000000 00:00 0 
7f5e358e0000-7f5e359de000 rw-p 00000000 00:00 0 
7f5e359de000-7f5e359e1000 ---p 00000000 00:00 0 
7f5e359e1000-7f5e35adf000 rw-p 00000000 00:00 0 
7f5e35adf000-7f5e35ae2000 ---p 00000000 00:00 0 
7f5e35ae2000-7f5e35be0000 rw-p 00000000 00:00 0 
7f5e35be0000-7f5e35be3000 ---p 00000000 00:00 0 
7f5e35be3000-7f5e35ce1000 rw-p 00000000 00:00 0 
7f5e35ce1000-7f5e35ce4000 ---p 00000000 00:00 0 
7f5e35ce4000-7f5e35de2000 rw-p 00000000 00:00 0 
7f5e35de2000-7f5e35de5000 ---p 00000000 00:00 0 
7f5e35de5000-7f5e35fa3000 rw-p 00000000 00:00 0 
7f5e35fa3000-7f5e360e3000 ---p 00000000 00:00 0 
7f5e360e3000-7f5e360e6000 ---p 00000000 00:00 0 
7f5e360e6000-7f5e361e4000 rw-p 00000000 00:00 0 
7f5e361e4000-7f5e361e7000 ---p 00000000 00:00 0 
7f5e361e7000-7f5e362e5000 rw-p 00000000 00:00 0 
7f5e362e5000-7f5e362e8000 ---p 00000000 00:00 0 
7f5e362e8000-7f5e363e6000 rw-p 00000000 00:00 0 
7f5e363e6000-7f5e363e9000 ---p 00000000 00:00 0 
7f5e363e9000-7f5e364e7000 rw-p 00000000 00:00 0 
7f5e364e7000-7f5e364ea000 ---p 00000000 00:00 0 
7f5e364ea000-7f5e365e8000 rw-p 00000000 00:00 0 
7f5e365e8000-7f5e365eb000 ---p 00000000 00:00 0 
7f5e365eb000-7f5e366e9000 rw-p 00000000 00:00 0 
7f5e366e9000-7f5e366ec000 ---p 00000000 00:00 0 
7f5e366ec000-7f5e367ea000 rw-p 00000000 00:00 0 
7f5e367ea000-7f5e367ed000 ---p 00000000 00:00 0 
7f5e367ed000-7f5e368eb000 rw-p 00000000 00:00 0 
7f5e368eb000-7f5e368ee000 ---p 00000000 00:00 0 
7f5e368ee000-7f5e369ec000 rw-p 00000000 00:00 0 
7f5e369ec000-7f5e369ef000 ---p 00000000 00:00 0 
7f5e369ef000-7f5e36aed000 rw-p 00000000 00:00 0 
7f5e36aed000-7f5e36af0000 ---p 00000000 00:00 0 
7f5e36af0000-7f5e36bee000 rw-p 00000000 00:00 0 
7f5e36bee000-7f5e36bf1000 ---p 00000000 00:00 0 
7f5e36bf1000-7f5e36cef000 rw-p 00000000 00:00 0 
7f5e36cef000-7f5e36cf2000 ---p 00000000 00:00 0 
7f5e36cf2000-7f5e36df0000 rw-p 00000000 00:00 0 
7f5e36df0000-7f5e36df3000 ---p 00000000 00:00 0 
7f5e36df3000-7f5e36ef1000 rw-p 00000000 00:00 0 
7f5e36ef1000-7f5e36ef4000 ---p 00000000 00:00 0 
7f5e36ef4000-7f5e36ff2000 rw-p 00000000 00:00 0 
7f5e36ff2000-7f5e36ff5000 ---p 00000000 00:00 0 
7f5e36ff5000-7f5e370f3000 rw-p 00000000 00:00 0 
7f5e370f3000-7f5e370f6000 ---p 00000000 00:00 0 
7f5e370f6000-7f5e371f4000 rw-p 00000000 00:00 0 
7f5e371f4000-7f5e371f7000 ---p 00000000 00:00 0 
7f5e371f7000-7f5e372f5000 rw-p 00000000 00:00 0 
7f5e372f5000-7f5e372f8000 ---p 00000000 00:00 0 
7f5e372f8000-7f5e373f6000 rw-p 00000000 00:00 0 
7f5e373f6000-7f5e373f9000 ---p 00000000 00:00 0 
7f5e373f9000-7f5e374f7000 rw-p 00000000 00:00 0 
7f5e374f7000-7f5e374fa000 ---p 00000000 00:00 0 
7f5e374fa000-7f5e375f8000 rw-p 00000000 00:00 0 
7f5e375f8000-7f5e375fb000 ---p 00000000 00:00 0 
7f5e375fb000-7f5e376f9000 rw-p 00000000 00:00 0 
7f5e376f9000-7f5e376fc000 ---p 00000000 00:00 0 
7f5e376fc000-7f5e377fa000 rw-p 00000000 00:00 0 
7f5e377fa000-7f5e377fd000 ---p 00000000 00:00 0 
7f5e377fd000-7f5e378fb000 rw-p 00000000 00:00 0 
7f5e378fb000-7f5e378fe000 ---p 00000000 00:00 0 
7f5e378fe000-7f5e379fc000 rw-p 00000000 00:00 0 
7f5e379fc000-7f5e379ff000 ---p 00000000 00:00 0 
7f5e379ff000-7f5e37afd000 rw-p 00000000 00:00 0 
7f5e37afd000-7f5e37b00000 ---p 00000000 00:00 0 
7f5e37b00000-7f5e37bfe000 rw-p 00000000 00:00 0 
7f5e37bfe000-7f5e37c01000 ---p 00000000 00:00 0 
7f5e37c01000-7f5e37cff000 rw-p 00000000 00:00 0 
7f5e37cff000-7f5e37d02000 ---p 00000000 00:00 0 
7f5e37d02000-7f5e38000000 rw-p 00000000 00:00 0 
7f5e38000000-7f5e38021000 rw-p 00000000 00:00 0 
7f5e38021000-7f5e3c000000 ---p 00000000 00:00 0 
7f5e3c000000-7f5e3c021000 rw-p 00000000 00:00 0 
7f5e3c021000-7f5e40000000 ---p 00000000 00:00 0 
7f5e40000000-7f5e40021000 rw-p 00000000 00:00 0 
7f5e40021000-7f5e44000000 ---p 00000000 00:00 0 
7f5e44000000-7f5e44021000 rw-p 00000000 00:00 0 
7f5e44021000-7f5e48000000 ---p 00000000 00:00 0 
7f5e48000000-7f5e48021000 rw-p 00000000 00:00 0 
7f5e48021000-7f5e4c000000 ---p 00000000 00:00 0 
7f5e4c000000-7f5e4c021000 rw-p 00000000 00:00 0 
7f5e4c021000-7f5e50000000 ---p 00000000 00:00 0 
7f5e50000000-7f5e50021000 rw-p 00000000 00:00 0 
7f5e50021000-7f5e54000000 ---p 00000000 00:00 0 
7f5e54000000-7f5e54021000 rw-p 00000000 00:00 0 
7f5e54021000-7f5e58000000 ---p 00000000 00:00 0 
7f5e58000000-7f5e58021000 rw-p 00000000 00:00 0 
7f5e58021000-7f5e5c000000 ---p 00000000 00:00 0 
7f5e5c000000-7f5e5c021000 rw-p 00000000 00:00 0 
7f5e5c021000-7f5e60000000 ---p 00000000 00:00 0 
7f5e60000000-7f5e60021000 rw-p 00000000 00:00 0 
7f5e60021000-7f5e64000000 ---p 00000000 00:00 0 
7f5e64000000-7f5e64021000 rw-p 00000000 00:00 0 
7f5e64021000-7f5e68000000 ---p 00000000 00:00 0 
7f5e68000000-7f5e68021000 rw-p 00000000 00:00 0 
7f5e68021000-7f5e6c000000 ---p 00000000 00:00 0 
7f5e6c000000-7f5e6c021000 rw-p 00000000 00:00 0 
7f5e6c021000-7f5e70000000 ---p 00000000 00:00 0 
7f5e70000000-7f5e70021000 rw-p 00000000 00:00 0 
7f5e70021000-7f5e74000000 ---p 00000000 00:00 0 
7f5e74000000-7f5e7410f000 rw-p 00000000 00:00 0 
7f5e7410f000-7f5e78000000 ---p 00000000 00:00 0 
7f5e78000000-7f5e782a4000 rw-p 00000000 00:00 0 
7f5e782a4000-7f5e7c000000 ---p 00000000 00:00 0 
7f5e7c000000-7f5e7c04b000 rw-p 00000000 00:00 0 
7f5e7c04b000-7f5e80000000 ---p 00000000 00:00 0 
7f5e80000000-7f5e80021000 rw-p 00000000 00:00 0 
7f5e80021000-7f5e84000000 ---p 00000000 00:00 0 
7f5e84000000-7f5e84021000 rw-p 00000000 00:00 0 
7f5e84021000-7f5e88000000 ---p 00000000 00:00 0 
7f5e88000000-7f5e88021000 rw-p 00000000 00:00 0 
7f5e88021000-7f5e8c000000 ---p 00000000 00:00 0 
7f5e8c0c5000-7f5e8c0c8000 ---p 00000000 00:00 0 
7f5e8c0c8000-7f5e8c1c6000 rw-p 00000000 00:00 0 
7f5e8c1c6000-7f5e8c1c9000 ---p 00000000 00:00 0 
7f5e8c1c9000-7f5e8c2c7000 rw-p 00000000 00:00 0 
7f5e8c2c7000-7f5e8c2ca000 ---p 00000000 00:00 0 
7f5e8c2ca000-7f5e8c3c8000 rw-p 00000000 00:00 0 
7f5e8c3c8000-7f5e8c3cb000 ---p 00000000 00:00 0 
7f5e8c3cb000-7f5e8c4c9000 rw-p 00000000 00:00 0 
7f5e8c4c9000-7f5e8c4cc000 ---p 00000000 00:00 0 
7f5e8c4cc000-7f5e8c5ca000 rw-p 00000000 00:00 0 
7f5e8c5ca000-7f5e8c5cd000 ---p 00000000 00:00 0 
7f5e8c5cd000-7f5e8c6cb000 rw-p 00000000 00:00 0 
7f5e8c6cb000-7f5e8c6ce000 ---p 00000000 00:00 0 
7f5e8c6ce000-7f5e8c7cc000 rw-p 00000000 00:00 0 
7f5e8c7cc000-7f5e8c7cf000 ---p 00000000 00:00 0 
7f5e8c7cf000-7f5e8c8cd000 rw-p 00000000 00:00 0 
7f5e8c8cd000-7f5e8c8d0000 ---p 00000000 00:00 0 
7f5e8c8d0000-7f5e8c9ce000 rw-p 00000000 00:00 0 
7f5e8c9ce000-7f5e8c9d1000 ---p 00000000 00:00 0 
7f5e8c9d1000-7f5e8cacf000 rw-p 00000000 00:00 0 
7f5e8cacf000-7f5e8cad2000 ---p 00000000 00:00 0 
7f5e8cad2000-7f5e8cbd0000 rw-p 00000000 00:00 0 
7f5e8cbd0000-7f5e8cbd3000 ---p 00000000 00:00 0 
7f5e8cbd3000-7f5e8ccd1000 rw-p 00000000 00:00 0 
7f5e8ccd1000-7f5e8ccd4000 ---p 00000000 00:00 0 
7f5e8ccd4000-7f5e8cdd2000 rw-p 00000000 00:00 0 
7f5e8cdd2000-7f5e8cdd5000 ---p 00000000 00:00 0 
7f5e8cdd5000-7f5e8ced3000 rw-p 00000000 00:00 0 
7f5e8ced3000-7f5e8ced6000 ---p 00000000 00:00 0 
7f5e8ced6000-7f5e8cfd4000 rw-p 00000000 00:00 0 
7f5e8cfd4000-7f5e8cfd7000 ---p 00000000 00:00 0 
7f5e8cfd7000-7f5e8d0d5000 rw-p 00000000 00:00 0 
7f5e8d0d5000-7f5e8d0d8000 ---p 00000000 00:00 0 
7f5e8d0d8000-7f5e8d1d6000 rw-p 00000000 00:00 0 
7f5e8d1d6000-7f5e8d1d9000 ---p 00000000 00:00 0 
7f5e8d1d9000-7f5e8d2d7000 rw-p 00000000 00:00 0 
7f5e8d2d7000-7f5e8d2da000 ---p 00000000 00:00 0 
7f5e8d2da000-7f5e8d3d8000 rw-p 00000000 00:00 0 
7f5e8d3d8000-7f5e8d3db000 ---p 00000000 00:00 0 
7f5e8d3db000-7f5e8d4d9000 rw-p 00000000 00:00 0 
7f5e8d4d9000-7f5e8d4dc000 ---p 00000000 00:00 0 
7f5e8d4dc000-7f5e8d5da000 rw-p 00000000 00:00 0 
7f5e8d5da000-7f5e8d5dd000 ---p 00000000 00:00 0 
7f5e8d5dd000-7f5e8d6db000 rw-p 00000000 00:00 0 
7f5e8d6db000-7f5e8d6de000 ---p 00000000 00:00 0 
7f5e8d6de000-7f5e8d7dc000 rw-p 00000000 00:00 0 
7f5e8d7dc000-7f5e8d7df000 ---p 00000000 00:00 0 
7f5e8d7df000-7f5e8d8dd000 rw-p 00000000 00:00 0 
7f5e8d8dd000-7f5e8d8e0000 ---p 00000000 00:00 0 
7f5e8d8e0000-7f5e8d9de000 rw-p 00000000 00:00 0 
7f5e8d9de000-7f5e8d9e1000 ---p 00000000 00:00 0 
7f5e8d9e1000-7f5e8dadf000 rw-p 00000000 00:00 0 
7f5e8dadf000-7f5e8dae2000 ---p 00000000 00:00 0 
7f5e8dae2000-7f5e8dbe0000 rw-p 00000000 00:00 0 
7f5e8dbe0000-7f5e8dbe3000 ---p 00000000 00:00 0 
7f5e8dbe3000-7f5e8dce1000 rw-p 00000000 00:00 0 
7f5e8dce1000-7f5e8dce4000 ---p 00000000 00:00 0 
7f5e8dce4000-7f5e8dde2000 rw-p 00000000 00:00 0 
7f5e8dde2000-7f5e8dde5000 ---p 00000000 00:00 0 
7f5e8dde5000-7f5e8dee3000 rw-p 00000000 00:00 0 
7f5e8dee3000-7f5e8dee6000 ---p 00000000 00:00 0 
7f5e8dee6000-7f5e8dfe4000 rw-p 00000000 00:00 0 
7f5e8dfe4000-7f5e8dfe7000 ---p 00000000 00:00 0 
7f5e8dfe7000-7f5e8e0e5000 rw-p 00000000 00:00 0 
7f5e8e0e5000-7f5e8e0e8000 ---p 00000000 00:00 0 
7f5e8e0e8000-7f5e8e1e6000 rw-p 00000000 00:00 0 
7f5e8e1e6000-7f5e8e1e9000 ---p 00000000 00:00 0 
7f5e8e1e9000-7f5e8e2e7000 rw-p 00000000 00:00 0 
7f5e8e2e7000-7f5e8e2ea000 ---p 00000000 00:00 0 
7f5e8e2ea000-7f5e8e3e8000 rw-p 00000000 00:00 0 
7f5e8e3e8000-7f5e8e3eb000 ---p 00000000 00:00 0 
7f5e8e3eb000-7f5e8e4e9000 rw-p 00000000 00:00 0 
7f5e8e4e9000-7f5e8e4ec000 ---p 00000000 00:00 0 
7f5e8e4ec000-7f5e8e5ea000 rw-p 00000000 00:00 0 
7f5e8e5ea000-7f5e8e5ed000 ---p 00000000 00:00 0 
7f5e8e5ed000-7f5e8e6eb000 rw-p 00000000 00:00 0 
7f5e8e6eb000-7f5e8e6ee000 ---p 00000000 00:00 0 
7f5e8e6ee000-7f5e8e9ec000 rw-p 00000000 00:00 0 
7f5e8e9ec000-7f5e8e9ef000 ---p 00000000 00:00 0 
7f5e8e9ef000-7f5e8eaed000 rw-p 00000000 00:00 0 
7f5e8eaed000-7f5e8eaf0000 ---p 00000000 00:00 0 
7f5e8eaf0000-7f5e8ebee000 rw-p 00000000 00:00 0 
7f5e8ebee000-7f5e8ebf1000 ---p 00000000 00:00 0 
7f5e8ebf1000-7f5e8ecef000 rw-p 00000000 00:00 0 
7f5e8ecef000-7f5e8ecf2000 ---p 00000000 00:00 0 
7f5e8ecf2000-7f5e8edf0000 rw-p 00000000 00:00 0 
7f5e8edf0000-7f5e8edf3000 ---p 00000000 00:00 0 
7f5e8edf3000-7f5e8eef1000 rw-p 00000000 00:00 0 
7f5e8eef1000-7f5e8eef4000 ---p 00000000 00:00 0 
7f5e8eef4000-7f5e8eff2000 rw-p 00000000 00:00 0 
7f5e8eff2000-7f5e8eff5000 ---p 00000000 00:00 0 
7f5e8eff5000-7f5e8f0f3000 rw-p 00000000 00:00 0 
7f5e8f0f3000-7f5e8f0f6000 ---p 00000000 00:00 0 
7f5e8f0f6000-7f5e8f1f4000 rw-p 00000000 00:00 0 
7f5e8f1f4000-7f5e8f1f7000 ---p 00000000 00:00 0 
7f5e8f1f7000-7f5e8f2f5000 rw-p 00000000 00:00 0 
7f5e8f2f5000-7f5e8f2f8000 ---p 00000000 00:00 0 
7f5e8f2f8000-7f5e8f3f6000 rw-p 00000000 00:00 0 
7f5e8f3f6000-7f5e8f3f9000 ---p 00000000 00:00 0 
7f5e8f3f9000-7f5e8f4f7000 rw-p 00000000 00:00 0 
7f5e8f4f7000-7f5e8f4fa000 ---p 00000000 00:00 0 
7f5e8f4fa000-7f5e8f5f8000 rw-p 00000000 00:00 0 
7f5e8f5f8000-7f5e8f5fb000 ---p 00000000 00:00 0 
7f5e8f5fb000-7f5e8f6f9000 rw-p 00000000 00:00 0 
7f5e8f6f9000-7f5e8f6fc000 ---p 00000000 00:00 0 
7f5e8f6fc000-7f5e8f7fa000 rw-p 00000000 00:00 0 
7f5e8f7fa000-7f5e8f7fd000 ---p 00000000 00:00 0 
7f5e8f7fd000-7f5e8f8fb000 rw-p 00000000 00:00 0 
7f5e8f8fb000-7f5e8f8fe000 ---p 00000000 00:00 0 
7f5e8f8fe000-7f5e8f9fc000 rw-p 00000000 00:00 0 
7f5e8f9fc000-7f5e8f9ff000 ---p 00000000 00:00 0 
7f5e8f9ff000-7f5e8fafd000 rw-p 00000000 00:00 0 
7f5e8fafd000-7f5e8fb00000 ---p 00000000 00:00 0 
7f5e8fb00000-7f5e8fbfe000 rw-p 00000000 00:00 0 
7f5e8fbfe000-7f5e8fc01000 ---p 00000000 00:00 0 
7f5e8fc01000-7f5e8fcff000 rw-p 00000000 00:00 0 
7f5e8fcff000-7f5e8fd02000 ---p 00000000 00:00 0 
7f5e8fd02000-7f5e90000000 rw-p 00000000 00:00 0 
7f5e90000000-7f5e90021000 rw-p 00000000 00:00 0 
7f5e90021000-7f5e94000000 ---p 00000000 00:00 0 
7f5e94000000-7f5e9434c000 rw-p 00000000 00:00 0 
7f5e9434c000-7f5e98000000 ---p 00000000 00:00 0 
7f5e98000000-7f5e98021000 rw-p 00000000 00:00 0 
7f5e98021000-7f5e9c000000 ---p 00000000 00:00 0 
7f5e9c000000-7f5e9c037000 rw-p 00000000 00:00 0 
7f5e9c037000-7f5ea0000000 ---p 00000000 00:00 0 
7f5ea0000000-7f5ea0027000 rw-p 00000000 00:00 0 
7f5ea0027000-7f5ea4000000 ---p 00000000 00:00 0 
7f5ea4000000-7f5ea4021000 rw-p 00000000 00:00 0 
7f5ea4021000-7f5ea8000000 ---p 00000000 00:00 0 
7f5ea8000000-7f5ea8030000 rw-p 00000000 00:00 0 
7f5ea8030000-7f5eac000000 ---p 00000000 00:00 0 
7f5eac000000-7f5eac021000 rw-p 00000000 00:00 0 
7f5eac021000-7f5eb0000000 ---p 00000000 00:00 0 
7f5eb0000000-7f5eb0021000 rw-p 00000000 00:00 0 
7f5eb0021000-7f5eb4000000 ---p 00000000 00:00 0 
7f5eb4086000-7f5eb4089000 ---p 00000000 00:00 0 
7f5eb4089000-7f5eb40bf000 rw-p 00000000 00:00 0 
7f5eb40bf000-7f5eb40c2000 ---p 00000000 00:00 0 
7f5eb40c2000-7f5eb40f8000 rw-p 00000000 00:00 0 
7f5eb40f8000-7f5eb40fb000 ---p 00000000 00:00 0 
7f5eb40fb000-7f5eb41f9000 rw-p 00000000 00:00 0 
7f5eb41f9000-7f5eb41fc000 ---p 00000000 00:00 0 
7f5eb41fc000-7f5eb42fa000 rw-p 00000000 00:00 0 
7f5eb42fa000-7f5eb42fd000 ---p 00000000 00:00 0 
7f5eb42fd000-7f5eb43fb000 rw-p 00000000 00:00 0 
7f5eb43fb000-7f5eb43fe000 ---p 00000000 00:00 0 
7f5eb43fe000-7f5eb44fc000 rw-p 00000000 00:00 0 
7f5eb44fc000-7f5eb44ff000 ---p 00000000 00:00 0 
7f5eb44ff000-7f5eb45fd000 rw-p 00000000 00:00 0 
7f5eb45fd000-7f5eb4600000 ---p 00000000 00:00 0 
7f5eb4600000-7f5eb46fe000 rw-p 00000000 00:00 0 
7f5eb46fe000-7f5eb4701000 ---p 00000000 00:00 0 
7f5eb4701000-7f5eb49ff000 rw-p 00000000 00:00 0 
7f5eb49ff000-7f5eb4bff000 rw-p 00000000 00:00 0 
7f5eb4bff000-7f5eb4dff000 rw-p 00000000 00:00 0 
7f5eb4dff000-7f5eb4fff000 rw-p 00000000 00:00 0 
7f5eb4fff000-7f5eb8000000 rw-p 00000000 00:00 0 
7f5eb8000000-7f5eb8021000 rw-p 00000000 00:00 0 
7f5eb8021000-7f5ebc000000 ---p 00000000 00:00 0 
7f5ebc000000-7f5ebc021000 rw-p 00000000 00:00 0 
7f5ebc021000-7f5ec0000000 ---p 00000000 00:00 0 
7f5ec0000000-7f5ec0ee4000 rw-p 00000000 00:00 0 
7f5ec0ee4000-7f5ec4000000 ---p 00000000 00:00 0 
7f5ec4000000-7f5ec4786000 rw-p 00000000 00:00 0 
7f5ec4786000-7f5ec8000000 ---p 00000000 00:00 0 
7f5ec8000000-7f5ec8021000 rw-p 00000000 00:00 0 
7f5ec8021000-7f5ecc000000 ---p 00000000 00:00 0 
7f5ecc000000-7f5ecd726000 rw-p 00000000 00:00 0 
7f5ecd726000-7f5ed0000000 ---p 00000000 00:00 0 
7f5ed0000000-7f5ed0021000 rw-p 00000000 00:00 0 
7f5ed0021000-7f5ed4000000 ---p 00000000 00:00 0 
7f5ed4000000-7f5ed4021000 rw-p 00000000 00:00 0 
7f5ed4021000-7f5ed8000000 ---p 00000000 00:00 0 
7f5ed8000000-7f5ed8290000 rw-p 00000000 00:00 0 
7f5ed8290000-7f5edc000000 ---p 00000000 00:00 0 
7f5edc02c000-7f5edc02f000 ---p 00000000 00:00 0 
7f5edc02f000-7f5edc065000 rw-p 00000000 00:00 0 
7f5edc065000-7f5edc068000 ---p 00000000 00:00 0 
7f5edc068000-7f5edc09e000 rw-p 00000000 00:00 0 
7f5edc09e000-7f5edc0a1000 ---p 00000000 00:00 0 
7f5edc0a1000-7f5edc0d7000 rw-p 00000000 00:00 0 
7f5edc0d7000-7f5edc0da000 ---p 00000000 00:00 0 
7f5edc0da000-7f5edc3d8000 rw-p 00000000 00:00 0 
7f5edc3d8000-7f5edc5d8000 rw-p 00000000 00:00 0 
7f5edc5d8000-7f5edc7d8000 rw-p 00000000 00:00 0 
7f5edc7d8000-7f5edc9d8000 rw-p 00000000 00:00 0 
7f5edc9d8000-7f5edcbd8000 rw-p 00000000 00:00 0 
7f5edcbd8000-7f5edcdd8000 rw-p 00000000 00:00 0 
7f5edcdd8000-7f5edcddd000 r--s 0009d000 08:01 2381727                    /usr/lib/jvm/java-8-oracle/jre/lib/jsse.jar
7f5edcde3000-7f5edcfe3000 rw-p 00000000 00:00 0 
7f5edcfe3000-7f5edcff4000 r-xp 00000000 08:01 270902                     /usr/lib/jvm/java-8-oracle/jre/lib/amd64/libnio.so
7f5edcff4000-7f5edd1f3000 ---p 00011000 08:01 270902                     /usr/lib/jvm/java-8-oracle/jre/lib/amd64/libnio.so
7f5edd1f3000-7f5edd1f4000 rw-p 00010000 08:01 270902                     /usr/lib/jvm/java-8-oracle/jre/lib/amd64/libnio.so
7f5edd1f6000-7f5edd3f6000 rw-p 00000000 00:00 0 
7f5edd3f6000-7f5edd3f9000 ---p 00000000 00:00 0 
7f5edd3f9000-7f5edd4f7000 rw-p 00000000 00:00 0 
7f5edd4f7000-7f5edd512000 r--s 001d4000 08:01 155276                     /usr/lib/jvm/java-8-oracle/jre/lib/ext/nashorn.jar
7f5edd513000-7f5edd529000 r-xp 00000000 08:01 270899                     /usr/lib/jvm/java-8-oracle/jre/lib/amd64/libnet.so
7f5edd529000-7f5edd729000 ---p 00016000 08:01 270899                     /usr/lib/jvm/java-8-oracle/jre/lib/amd64/libnet.so
7f5edd729000-7f5edd72a000 rw-p 00016000 08:01 270899                     /usr/lib/jvm/java-8-oracle/jre/lib/amd64/libnet.so
7f5edd72b000-7f5edd734000 r-xp 00000000 08:01 270907                     /usr/lib/jvm/java-8-oracle/jre/lib/amd64/libmanagement.so
7f5edd734000-7f5edd933000 ---p 00009000 08:01 270907                     /usr/lib/jvm/java-8-oracle/jre/lib/amd64/libmanagement.so
7f5edd933000-7f5edd934000 rw-p 00008000 08:01 270907                     /usr/lib/jvm/java-8-oracle/jre/lib/amd64/libmanagement.so
7f5edd93a000-7f5edd995000 rw-p 00000000 00:00 0 
7f5edd995000-7f5eddc0d000 r--s 0db6a000 08:01 932385                     /home/gabriel/ICS5114_Practical_Assignment/streaming/_build/ICS5114_Practical_Assignment-0.0.1-SNAPSHOT-standalone.jar
7f5eddc14000-7f5eddc17000 r--s 00011000 08:01 1854443                    /opt/apache-storm-1.2.1/lib/disruptor-3.3.2.jar
7f5eddc1b000-7f5eddc54000 r--s 00228000 08:01 1854454                    /opt/apache-storm-1.2.1/lib/storm-rename-hack-1.2.1.jar
7f5eddc5b000-7f5eddc9c000 r--s 00368000 08:01 1854441                    /opt/apache-storm-1.2.1/lib/clojure-1.7.0.jar
7f5eddc9c000-7f5eddcdf000 rw-p 00000000 00:00 0 
7f5eddcdf000-7f5edded1000 r--s 014fc000 08:01 1854435                    /opt/apache-storm-1.2.1/lib/storm-core-1.2.1.jar
7f5edded5000-7f5edded6000 ---p 00000000 00:00 0 
7f5edded6000-7f5eddfd6000 rw-p 00000000 00:00 0 
7f5eddfd6000-7f5eddfd9000 ---p 00000000 00:00 0 
7f5eddfd9000-7f5ede0d7000 rw-p 00000000 00:00 0 
7f5ede0d7000-7f5ede0da000 ---p 00000000 00:00 0 
7f5ede0da000-7f5ede1d8000 rw-p 00000000 00:00 0 
7f5ede1d8000-7f5ede1db000 ---p 00000000 00:00 0 
7f5ede1db000-7f5ede2d9000 rw-p 00000000 00:00 0 
7f5ede2d9000-7f5ede2dc000 ---p 00000000 00:00 0 
7f5ede2dc000-7f5ede3da000 rw-p 00000000 00:00 0 
7f5ede3da000-7f5ede3dd000 ---p 00000000 00:00 0 
7f5ede3dd000-7f5ede4db000 rw-p 00000000 00:00 0 
7f5ede4db000-7f5ede8e4000 r--p 00000000 08:01 2368721                    /usr/lib/locale/locale-archive
7f5ede8e9000-7f5ede8ec000 ---p 00000000 00:00 0 
7f5ede8ec000-7f5ede9ea000 rw-p 00000000 00:00 0 
7f5ede9ea000-7f5ede9ed000 ---p 00000000 00:00 0 
7f5ede9ed000-7f5edeaeb000 rw-p 00000000 00:00 0 
7f5edeaeb000-7f5edeaec000 ---p 00000000 00:00 0 
7f5edeaec000-7f5ee0000000 rw-p 00000000 00:00 0 
7f5ee0000000-7f5ee0021000 rw-p 00000000 00:00 0 
7f5ee0021000-7f5ee4000000 ---p 00000000 00:00 0 
7f5ee4004000-7f5ee4006000 r--s 00009000 08:01 1854447                    /opt/apache-storm-1.2.1/lib/slf4j-api-1.7.21.jar
7f5ee400b000-7f5ee400d000 r--s 00018000 08:01 1854453                    /opt/apache-storm-1.2.1/lib/servlet-api-2.5.jar
7f5ee4014000-7f5ee4016000 r--s 00001000 08:01 1854451                    /opt/apache-storm-1.2.1/lib/metrics-ganglia-3.1.0.jar
7f5ee401b000-7f5ee401f000 r--s 00018000 08:01 1854449                    /opt/apache-storm-1.2.1/lib/metrics-core-3.1.0.jar
7f5ee4024000-7f5ee4025000 r--s 00001000 08:01 1854442                    /opt/apache-storm-1.2.1/lib/ring-cors-0.1.5.jar
7f5ee4028000-7f5ee4029000 r--s 00005000 08:01 1854446                    /opt/apache-storm-1.2.1/lib/log4j-slf4j-impl-2.8.2.jar
7f5ee402f000-7f5ee4031000 r--s 00004000 08:01 1854437                    /opt/apache-storm-1.2.1/lib/reflectasm-1.10.1.jar
7f5ee4033000-7f5ee4039000 r--s 00040000 08:01 1854436                    /opt/apache-storm-1.2.1/lib/kryo-3.0.3.jar
7f5ee403f000-7f5ee405b000 r--s 0013c000 08:01 1854445                    /opt/apache-storm-1.2.1/lib/log4j-core-2.8.2.jar
7f5ee405d000-7f5ee8000000 rw-p 00000000 00:00 0 
7f5ee8000000-7f5ee802c000 rw-p 00000000 00:00 0 
7f5ee802c000-7f5eec000000 ---p 00000000 00:00 0 
7f5eec000000-7f5eec021000 rw-p 00000000 00:00 0 
7f5eec021000-7f5ef0000000 ---p 00000000 00:00 0 
7f5ef0000000-7f5ef0021000 rw-p 00000000 00:00 0 
7f5ef0021000-7f5ef4000000 ---p 00000000 00:00 0 
7f5ef4000000-7f5ef4021000 rw-p 00000000 00:00 0 
7f5ef4021000-7f5ef8000000 ---p 00000000 00:00 0 
7f5ef8000000-7f5ef8021000 rw-p 00000000 00:00 0 
7f5ef8021000-7f5efc000000 ---p 00000000 00:00 0 
7f5efc004000-7f5efc006000 r--s 00009000 08:01 1854440                    /opt/apache-storm-1.2.1/lib/objenesis-2.1.jar
7f5efc00c000-7f5efc00d000 r--s 00001000 08:01 1854439                    /opt/apache-storm-1.2.1/lib/minlog-1.3.0.jar
7f5efc011000-7f5efc0c3000 rw-p 00000000 00:00 0 
7f5efc0c3000-7f5efc29d000 r--s 03d68000 08:01 2381722                    /usr/lib/jvm/java-8-oracle/jre/lib/rt.jar
7f5efc2a3000-7f5efceff000 rw-p 00000000 00:00 0 
7f5efceff000-7f5efcf00000 ---p 00000000 00:00 0 
7f5efcf00000-7f5efd000000 rw-p 00000000 00:00 0 
7f5efd000000-7f5efdd40000 rwxp 00000000 00:00 0 
7f5efdd40000-7f5f0c000000 ---p 00000000 00:00 0 
7f5f0c000000-7f5f0d37b000 rw-p 00000000 00:00 0 
7f5f0d37b000-7f5f10000000 ---p 00000000 00:00 0 
7f5f10004000-7f5f10025000 rw-p 00000000 00:00 0 
7f5f10025000-7f5f10026000 ---p 00000000 00:00 0 
7f5f10026000-7f5f10126000 rw-p 00000000 00:00 0 
7f5f10126000-7f5f10127000 ---p 00000000 00:00 0 
7f5f10127000-7f5f10227000 rw-p 00000000 00:00 0 
7f5f10227000-7f5f10228000 ---p 00000000 00:00 0 
7f5f10228000-7f5f10328000 rw-p 00000000 00:00 0 
7f5f10328000-7f5f10329000 ---p 00000000 00:00 0 
7f5f10329000-7f5f10429000 rw-p 00000000 00:00 0 
7f5f10429000-7f5f1042a000 ---p 00000000 00:00 0 
7f5f1042a000-7f5f10555000 rw-p 00000000 00:00 0 
7f5f10555000-7f5f107c4000 ---p 00000000 00:00 0 
7f5f107c4000-7f5f107ef000 rw-p 00000000 00:00 0 
7f5f107ef000-7f5f10a5d000 ---p 00000000 00:00 0 
7f5f10a5d000-7f5f10b60000 rw-p 00000000 00:00 0 
7f5f10b60000-7f5f10baa000 ---p 00000000 00:00 0 
7f5f10baa000-7f5f10be0000 rw-p 00000000 00:00 0 
7f5f10be0000-7f5f10f6b000 ---p 00000000 00:00 0 
7f5f10f6b000-7f5f10f86000 r-xp 00000000 08:01 270895                     /usr/lib/jvm/java-8-oracle/jre/lib/amd64/libzip.so
7f5f10f86000-7f5f11186000 ---p 0001b000 08:01 270895                     /usr/lib/jvm/java-8-oracle/jre/lib/amd64/libzip.so
7f5f11186000-7f5f11187000 rw-p 0001b000 08:01 270895                     /usr/lib/jvm/java-8-oracle/jre/lib/amd64/libzip.so
7f5f1118b000-7f5f11196000 r-xp 00000000 08:01 1704033                    /lib/x86_64-linux-gnu/libnss_files-2.23.so
7f5f11196000-7f5f11395000 ---p 0000b000 08:01 1704033                    /lib/x86_64-linux-gnu/libnss_files-2.23.so
7f5f11395000-7f5f11396000 r--p 0000a000 08:01 1704033                    /lib/x86_64-linux-gnu/libnss_files-2.23.so
7f5f11396000-7f5f11397000 rw-p 0000b000 08:01 1704033                    /lib/x86_64-linux-gnu/libnss_files-2.23.so
7f5f11397000-7f5f1139d000 rw-p 00000000 00:00 0 
7f5f113a3000-7f5f113ae000 r-xp 00000000 08:01 1708912                    /lib/x86_64-linux-gnu/libnss_nis-2.23.so
7f5f113ae000-7f5f115ad000 ---p 0000b000 08:01 1708912                    /lib/x86_64-linux-gnu/libnss_nis-2.23.so
7f5f115ad000-7f5f115ae000 r--p 0000a000 08:01 1708912                    /lib/x86_64-linux-gnu/libnss_nis-2.23.so
7f5f115ae000-7f5f115af000 rw-p 0000b000 08:01 1708912                    /lib/x86_64-linux-gnu/libnss_nis-2.23.so
7f5f115b3000-7f5f115c9000 r-xp 00000000 08:01 1703953                    /lib/x86_64-linux-gnu/libnsl-2.23.so
7f5f115c9000-7f5f117c8000 ---p 00016000 08:01 1703953                    /lib/x86_64-linux-gnu/libnsl-2.23.so
7f5f117c8000-7f5f117c9000 r--p 00015000 08:01 1703953                    /lib/x86_64-linux-gnu/libnsl-2.23.so
7f5f117c9000-7f5f117ca000 rw-p 00016000 08:01 1703953                    /lib/x86_64-linux-gnu/libnsl-2.23.so
7f5f117ca000-7f5f117cc000 rw-p 00000000 00:00 0 
7f5f117d3000-7f5f117db000 r-xp 00000000 08:01 1704028                    /lib/x86_64-linux-gnu/libnss_compat-2.23.so
7f5f117db000-7f5f119da000 ---p 00008000 08:01 1704028                    /lib/x86_64-linux-gnu/libnss_compat-2.23.so
7f5f119da000-7f5f119db000 r--p 00007000 08:01 1704028                    /lib/x86_64-linux-gnu/libnss_compat-2.23.so
7f5f119db000-7f5f119dc000 rw-p 00008000 08:01 1704028                    /lib/x86_64-linux-gnu/libnss_compat-2.23.so
7f5f119e3000-7f5f11a0e000 r-xp 00000000 08:01 270889                     /usr/lib/jvm/java-8-oracle/jre/lib/amd64/libjava.so
7f5f11a0e000-7f5f11c0d000 ---p 0002b000 08:01 270889                     /usr/lib/jvm/java-8-oracle/jre/lib/amd64/libjava.so
7f5f11c0d000-7f5f11c0f000 rw-p 0002a000 08:01 270889                     /usr/lib/jvm/java-8-oracle/jre/lib/amd64/libjava.so
7f5f11c13000-7f5f11c20000 r-xp 00000000 08:01 270894                     /usr/lib/jvm/java-8-oracle/jre/lib/amd64/libverify.so
7f5f11c20000-7f5f11e20000 ---p 0000d000 08:01 270894                     /usr/lib/jvm/java-8-oracle/jre/lib/amd64/libverify.so
7f5f11e20000-7f5f11e22000 rw-p 0000d000 08:01 270894                     /usr/lib/jvm/java-8-oracle/jre/lib/amd64/libverify.so
7f5f11e23000-7f5f11e2a000 r-xp 00000000 08:01 1708954                    /lib/x86_64-linux-gnu/librt-2.23.so
7f5f11e2a000-7f5f12029000 ---p 00007000 08:01 1708954                    /lib/x86_64-linux-gnu/librt-2.23.so
7f5f12029000-7f5f1202a000 r--p 00006000 08:01 1708954                    /lib/x86_64-linux-gnu/librt-2.23.so
7f5f1202a000-7f5f1202b000 rw-p 00007000 08:01 1708954                    /lib/x86_64-linux-gnu/librt-2.23.so
7f5f1202b000-7f5f12133000 r-xp 00000000 08:01 1703950                    /lib/x86_64-linux-gnu/libm-2.23.so
7f5f12133000-7f5f12332000 ---p 00108000 08:01 1703950                    /lib/x86_64-linux-gnu/libm-2.23.so
7f5f12332000-7f5f12333000 r--p 00107000 08:01 1703950                    /lib/x86_64-linux-gnu/libm-2.23.so
7f5f12333000-7f5f12334000 rw-p 00108000 08:01 1703950                    /lib/x86_64-linux-gnu/libm-2.23.so
7f5f1233b000-7f5f13014000 r-xp 00000000 08:01 270566                     /usr/lib/jvm/java-8-oracle/jre/lib/amd64/server/libjvm.so
7f5f13014000-7f5f13213000 ---p 00cd9000 08:01 270566                     /usr/lib/jvm/java-8-oracle/jre/lib/amd64/server/libjvm.so
7f5f13213000-7f5f132ed000 rw-p 00cd8000 08:01 270566                     /usr/lib/jvm/java-8-oracle/jre/lib/amd64/server/libjvm.so
7f5f132ed000-7f5f13338000 rw-p 00000000 00:00 0 
7f5f1333b000-7f5f134fb000 r-xp 00000000 08:01 1704020                    /lib/x86_64-linux-gnu/libc-2.23.so
7f5f134fb000-7f5f136fb000 ---p 001c0000 08:01 1704020                    /lib/x86_64-linux-gnu/libc-2.23.so
7f5f136fb000-7f5f136ff000 r--p 001c0000 08:01 1704020                    /lib/x86_64-linux-gnu/libc-2.23.so
7f5f136ff000-7f5f13701000 rw-p 001c4000 08:01 1704020                    /lib/x86_64-linux-gnu/libc-2.23.so
7f5f13701000-7f5f13705000 rw-p 00000000 00:00 0 
7f5f1370b000-7f5f1370e000 r-xp 00000000 08:01 1704022                    /lib/x86_64-linux-gnu/libdl-2.23.so
7f5f1370e000-7f5f1390d000 ---p 00003000 08:01 1704022                    /lib/x86_64-linux-gnu/libdl-2.23.so
7f5f1390d000-7f5f1390e000 r--p 00002000 08:01 1704022                    /lib/x86_64-linux-gnu/libdl-2.23.so
7f5f1390e000-7f5f1390f000 rw-p 00003000 08:01 1704022                    /lib/x86_64-linux-gnu/libdl-2.23.so
7f5f13913000-7f5f13929000 r-xp 00000000 08:01 2381561                    /usr/lib/jvm/java-8-oracle/lib/amd64/jli/libjli.so
7f5f13929000-7f5f13b28000 ---p 00016000 08:01 2381561                    /usr/lib/jvm/java-8-oracle/lib/amd64/jli/libjli.so
7f5f13b28000-7f5f13b29000 rw-p 00015000 08:01 2381561                    /usr/lib/jvm/java-8-oracle/lib/amd64/jli/libjli.so
7f5f13b2b000-7f5f13b43000 r-xp 00000000 08:01 1704019                    /lib/x86_64-linux-gnu/libpthread-2.23.so
7f5f13b43000-7f5f13d42000 ---p 00018000 08:01 1704019                    /lib/x86_64-linux-gnu/libpthread-2.23.so
7f5f13d42000-7f5f13d43000 r--p 00017000 08:01 1704019                    /lib/x86_64-linux-gnu/libpthread-2.23.so
7f5f13d43000-7f5f13d44000 rw-p 00018000 08:01 1704019                    /lib/x86_64-linux-gnu/libpthread-2.23.so
7f5f13d44000-7f5f13d48000 rw-p 00000000 00:00 0 
7f5f13d4b000-7f5f13d71000 r-xp 00000000 08:01 1703961                    /lib/x86_64-linux-gnu/ld-2.23.so
7f5f13d77000-7f5f13d79000 r--s 00004000 08:01 1854450                    /opt/apache-storm-1.2.1/lib/metrics-graphite-3.1.0.jar
7f5f13d7f000-7f5f13d80000 r--s 0000c000 08:01 1854438                    /opt/apache-storm-1.2.1/lib/asm-5.0.3.jar
7f5f13d84000-7f5f13e4f000 rw-p 00000000 00:00 0 
7f5f13e4f000-7f5f13e52000 ---p 00000000 00:00 0 
7f5f13e52000-7f5f13f53000 rw-p 00000000 00:00 0 
7f5f13f57000-7f5f13f59000 r--s 00004000 08:01 1854448                    /opt/apache-storm-1.2.1/lib/log4j-over-slf4j-1.6.6.jar
7f5f13f5c000-7f5f13f5e000 r--s 00009000 08:01 1854452                    /opt/apache-storm-1.2.1/lib/gmetric4j-1.0.7.jar
7f5f13f5e000-7f5f13f63000 r--s 00033000 08:01 1854444                    /opt/apache-storm-1.2.1/lib/log4j-api-2.8.2.jar
7f5f13f63000-7f5f13f6b000 rw-s 00000000 08:01 429980                     /tmp/hsperfdata_gabriel/11914
7f5f13f6d000-7f5f13f6e000 rw-p 00000000 00:00 0 
7f5f13f6e000-7f5f13f6f000 ---p 00000000 00:00 0 
7f5f13f6f000-7f5f13f70000 rw-p 00000000 00:00 0 
7f5f13f70000-7f5f13f71000 r--p 00025000 08:01 1703961                    /lib/x86_64-linux-gnu/ld-2.23.so
7f5f13f71000-7f5f13f72000 rw-p 00026000 08:01 1703961                    /lib/x86_64-linux-gnu/ld-2.23.so
7f5f13f72000-7f5f13f74000 rw-p 00000000 00:00 0 
7ffda77cf000-7ffda77f1000 rw-p 00000000 00:00 0                          [stack]
7ffda7803000-7ffda7806000 r--p 00000000 00:00 0                          [vvar]
7ffda7806000-7ffda7808000 r-xp 00000000 00:00 0                          [vdso]
ffffffffff600000-ffffffffff601000 r-xp 00000000 00:00 0                  [vsyscall]

VM Arguments:
jvm_args: -Ddaemon.name= -Dstorm.options= -Dstorm.home=/opt/apache-storm-1.2.1 -Dstorm.log.dir=/opt/apache-storm-1.2.1/logs -Djava.library.path=/usr/local/lib:/opt/local/lib:/usr/lib -Dstorm.conf.file= -Dstorm.jar=/home/gabriel/ICS5114_Practical_Assignment/streaming/_build/ICS5114_Practical_Assignment-0.0.1-SNAPSHOT-standalone.jar -Dstorm.dependency.jars= -Dstorm.dependency.artifacts={} 
java_command: org.apache.storm.flux.Flux --local --no-splash --sleep 9223372036854775807 /tmp/tmphv3ildn5.yaml
java_class_path (initial): /opt/apache-storm-1.2.1/*:/opt/apache-storm-1.2.1/lib/log4j-api-2.8.2.jar:/opt/apache-storm-1.2.1/lib/gmetric4j-1.0.7.jar:/opt/apache-storm-1.2.1/lib/log4j-core-2.8.2.jar:/opt/apache-storm-1.2.1/lib/log4j-over-slf4j-1.6.6.jar:/opt/apache-storm-1.2.1/lib/asm-5.0.3.jar:/opt/apache-storm-1.2.1/lib/storm-core-1.2.1.jar:/opt/apache-storm-1.2.1/lib/metrics-graphite-3.1.0.jar:/opt/apache-storm-1.2.1/lib/minlog-1.3.0.jar:/opt/apache-storm-1.2.1/lib/objenesis-2.1.jar:/opt/apache-storm-1.2.1/lib/kryo-3.0.3.jar:/opt/apache-storm-1.2.1/lib/reflectasm-1.10.1.jar:/opt/apache-storm-1.2.1/lib/log4j-slf4j-impl-2.8.2.jar:/opt/apache-storm-1.2.1/lib/ring-cors-0.1.5.jar:/opt/apache-storm-1.2.1/lib/metrics-core-3.1.0.jar:/opt/apache-storm-1.2.1/lib/clojure-1.7.0.jar:/opt/apache-storm-1.2.1/lib/metrics-ganglia-3.1.0.jar:/opt/apache-storm-1.2.1/lib/storm-rename-hack-1.2.1.jar:/opt/apache-storm-1.2.1/lib/servlet-api-2.5.jar:/opt/apache-storm-1.2.1/lib/slf4j-api-1.7.21.jar:/opt/apache-storm-1.2.1/lib/disruptor-3.3.2.jar:/opt/apache-storm-1.2.1/extlib/*:/home/gabriel/ICS5114_Practical_Assignment/streaming/_build/ICS5114_Practical_Assignment-0.0.1-SNAPSHOT-standalone.jar:/opt/apache-storm-1.2.1/conf:/opt/apache-storm-1.2.1/bin
Launcher Type: SUN_STANDARD

Environment Variables:
JAVA_HOME=/usr/lib/jvm/java-8-oracle
PATH=/home/gabriel/bin:/home/gabriel/.local/bin:/home/gabriel/bin:/home/gabriel/.local/bin:/usr/local/sbin:/usr/local/bin:/usr/sbin:/usr/bin:/sbin:/bin:/usr/games:/usr/local/games:/opt/apache-storm-1.2.1/bin:/opt/kafka_2.11-0.9.0.0/bin:/opt/zookeeper-3.4.10/bin:/snap/bin:/usr/lib/jvm/java-8-oracle/bin:/usr/lib/jvm/java-8-oracle/db/bin:/usr/lib/jvm/java-8-oracle/jre/bin:/opt/apache-storm-1.2.1/bin:/usr/lib/jvm/java-8-oracle/bin:/usr/lib/jvm/java-8-oracle/db/bin:/usr/lib/jvm/java-8-oracle/jre/bin:/opt/hadoop-2.9.0/bin:/opt/hadoop-2.9.0/sbin:/opt/apache-storm-1.2.1/bin:/opt/hadoop-2.9.0/bin:/opt/hadoop-2.9.0/sbin
SHELL=/bin/bash
DISPLAY=:0

Signal Handlers:
SIGSEGV: [libjvm.so+0xad0890], sa_mask[0]=11111111011111111101111111111110, sa_flags=SA_RESTART|SA_SIGINFO
SIGBUS: [libjvm.so+0xad0890], sa_mask[0]=11111111011111111101111111111110, sa_flags=SA_RESTART|SA_SIGINFO
SIGFPE: [libjvm.so+0x928640], sa_mask[0]=11111111011111111101111111111110, sa_flags=SA_RESTART|SA_SIGINFO
SIGPIPE: [libjvm.so+0x928640], sa_mask[0]=11111111011111111101111111111110, sa_flags=SA_RESTART|SA_SIGINFO
SIGXFSZ: [libjvm.so+0x928640], sa_mask[0]=11111111011111111101111111111110, sa_flags=SA_RESTART|SA_SIGINFO
SIGILL: [libjvm.so+0x928640], sa_mask[0]=11111111011111111101111111111110, sa_flags=SA_RESTART|SA_SIGINFO
SIGUSR1: SIG_DFL, sa_mask[0]=00000000000000000000000000000000, sa_flags=none
SIGUSR2: [libjvm.so+0x929ea0], sa_mask[0]=00100000000000000000000000000000, sa_flags=SA_RESTART|SA_SIGINFO
SIGHUP: [libjvm.so+0x92b2a0], sa_mask[0]=11111111011111111101111111111110, sa_flags=SA_RESTART|SA_SIGINFO
SIGINT: [libjvm.so+0x92b2a0], sa_mask[0]=11111111011111111101111111111110, sa_flags=SA_RESTART|SA_SIGINFO
SIGTERM: [libjvm.so+0x92b2a0], sa_mask[0]=11111111011111111101111111111110, sa_flags=SA_RESTART|SA_SIGINFO
SIGQUIT: [libjvm.so+0x92b2a0], sa_mask[0]=11111111011111111101111111111110, sa_flags=SA_RESTART|SA_SIGINFO


---------------  S Y S T E M  ---------------

OS:DISTRIB_ID=Ubuntu
DISTRIB_RELEASE=16.04
DISTRIB_CODENAME=xenial
DISTRIB_DESCRIPTION="Ubuntu 16.04.4 LTS"

uname:Linux 4.13.0-41-generic #46~16.04.1-Ubuntu SMP Thu May 3 10:06:43 UTC 2018 x86_64
libc:glibc 2.23 NPTL 2.23 
rlimit: STACK 8192k, CORE 0k, NPROC 31699, NOFILE 1048576, AS infinity
load average:8.24 4.56 3.06

/proc/meminfo:
MemTotal:        8167848 kB
MemFree:          121388 kB
MemAvailable:      12740 kB
Buffers:            1156 kB
Cached:            53948 kB
SwapCached:        17536 kB
Active:          6926668 kB
Inactive:         876072 kB
Active(anon):    6920852 kB
Inactive(anon):   865140 kB
Active(file):       5816 kB
Inactive(file):    10932 kB
Unevictable:          32 kB
Mlocked:              32 kB
SwapTotal:       2095100 kB
SwapFree:              0 kB
Dirty:               136 kB
Writeback:           524 kB
AnonPages:       7730356 kB
Mapped:            47308 kB
Shmem:             38132 kB
Slab:              87332 kB
SReclaimable:      35920 kB
SUnreclaim:        51412 kB
KernelStack:       31040 kB
PageTables:        76980 kB
NFS_Unstable:          0 kB
Bounce:                0 kB
WritebackTmp:          0 kB
CommitLimit:     6179024 kB
Committed_AS:   22026068 kB
VmallocTotal:   34359738367 kB
VmallocUsed:           0 kB
VmallocChunk:          0 kB
HardwareCorrupted:     0 kB
AnonHugePages:         0 kB
ShmemHugePages:        0 kB
ShmemPmdMapped:        0 kB
CmaTotal:              0 kB
CmaFree:               0 kB
HugePages_Total:       0
HugePages_Free:        0
HugePages_Rsvd:        0
HugePages_Surp:        0
Hugepagesize:       2048 kB
DirectMap4k:      102336 kB
DirectMap2M:     8286208 kB


CPU:total 6 (initial active 6) (6 cores per cpu, 1 threads per core) family 21 model 2 stepping 0, cmov, cx8, fxsr, mmx, sse, sse2, sse3, ssse3, sse4.1, sse4.2, popcnt, avx, aes, clmul, mmxext, lzcnt, sse4a, tsc

/proc/cpuinfo:
processor	: 0
vendor_id	: AuthenticAMD
cpu family	: 21
model		: 2
model name	: AMD FX(tm)-8350 Eight-Core Processor
stepping	: 0
microcode	: 0x6000626
cpu MHz		: 4000.108
cache size	: 2048 KB
physical id	: 0
siblings	: 6
core id		: 0
cpu cores	: 6
apicid		: 0
initial apicid	: 0
fpu		: yes
fpu_exception	: yes
cpuid level	: 13
wp		: yes
flags		: fpu vme de pse tsc msr pae mce cx8 apic sep mtrr pge mca cmov pat pse36 clflush mmx fxsr sse sse2 ht syscall nx mmxext fxsr_opt rdtscp lm rep_good nopl cpuid extd_apicid pni pclmulqdq ssse3 cx16 sse4_1 sse4_2 x2apic popcnt aes xsave avx hypervisor lahf_lm cmp_legacy cr8_legacy abm sse4a misalignsse 3dnowprefetch retpoline rsb_ctxsw vmmcall arat
bugs		: fxsave_leak sysret_ss_attrs null_seg spectre_v1 spectre_v2
bogomips	: 8000.21
TLB size	: 1536 4K pages
clflush size	: 64
cache_alignment	: 64
address sizes	: 48 bits physical, 48 bits virtual
power management:

processor	: 1
vendor_id	: AuthenticAMD
cpu family	: 21
model		: 2
model name	: AMD FX(tm)-8350 Eight-Core Processor
stepping	: 0
microcode	: 0x6000626
cpu MHz		: 4000.108
cache size	: 2048 KB
physical id	: 0
siblings	: 6
core id		: 1
cpu cores	: 6
apicid		: 1
initial apicid	: 1
fpu		: yes
fpu_exception	: yes
cpuid level	: 13
wp		: yes
flags		: fpu vme de pse tsc msr pae mce cx8 apic sep mtrr pge mca cmov pat pse36 clflush mmx fxsr sse sse2 ht syscall nx mmxext fxsr_opt rdtscp lm rep_good nopl cpuid extd_apicid pni pclmulqdq ssse3 cx16 sse4_1 sse4_2 x2apic popcnt aes xsave avx hypervisor lahf_lm cmp_legacy cr8_legacy abm sse4a misalignsse 3dnowprefetch retpoline rsb_ctxsw vmmcall arat
bugs		: fxsave_leak sysret_ss_attrs null_seg spectre_v1 spectre_v2
bogomips	: 8000.21
TLB size	: 1536 4K pages
clflush size	: 64
cache_alignment	: 64
address sizes	: 48 bits physical, 48 bits virtual
power management:

processor	: 2
vendor_id	: AuthenticAMD
cpu family	: 21
model		: 2
model name	: AMD FX(tm)-8350 Eight-Core Processor
stepping	: 0
microcode	: 0x6000626
cpu MHz		: 4000.108
cache size	: 2048 KB
physical id	: 0
siblings	: 6
core id		: 2
cpu cores	: 6
apicid		: 2
initial apicid	: 2
fpu		: yes
fpu_exception	: yes
cpuid level	: 13
wp		: yes
flags		: fpu vme de pse tsc msr pae mce cx8 apic sep mtrr pge mca cmov pat pse36 clflush mmx fxsr sse sse2 ht syscall nx mmxext fxsr_opt rdtscp lm rep_good nopl cpuid extd_apicid pni pclmulqdq ssse3 cx16 sse4_1 sse4_2 x2apic popcnt aes xsave avx hypervisor lahf_lm cmp_legacy cr8_legacy abm sse4a misalignsse 3dnowprefetch retpoline rsb_ctxsw vmmcall arat
bugs		: fxsave_leak sysret_ss_attrs null_seg spectre_v1 spectre_v2
bogomips	: 8000.21
TLB size	: 1536 4K pages
clflush size	: 64
cache_alignment	: 64
address sizes	: 48 bits physical, 48 bits virtual
power management:

processor	: 3
vendor_id	: AuthenticAMD
cpu family	: 21
model		: 2
model name	: AMD FX(tm)-8350 Eight-Core Processor
stepping	: 0
microcode	: 0x6000626
cpu MHz		: 4000.108
cache size	: 2048 KB
physical id	: 0
siblings	: 6
core id		: 3
cpu cores	: 6
apicid		: 3
initial apicid	: 3
fpu		: yes
fpu_exception	: yes
cpuid level	: 13
wp		: yes
flags		: fpu vme de pse tsc msr pae mce cx8 apic sep mtrr pge mca cmov pat pse36 clflush mmx fxsr sse sse2 ht syscall nx mmxext fxsr_opt rdtscp lm rep_good nopl cpuid extd_apicid pni pclmulqdq ssse3 cx16 sse4_1 sse4_2 x2apic popcnt aes xsave avx hypervisor lahf_lm cmp_legacy cr8_legacy abm sse4a misalignsse 3dnowprefetch retpoline rsb_ctxsw vmmcall arat
bugs		: fxsave_leak sysret_ss_attrs null_seg spectre_v1 spectre_v2
bogomips	: 8000.21
TLB size	: 1536 4K pages
clflush size	: 64
cache_alignment	: 64
address sizes	: 48 bits physical, 48 bits virtual
power management:

processor	: 4
vendor_id	: AuthenticAMD
cpu family	: 21
model		: 2
model name	: AMD FX(tm)-8350 Eight-Core Processor
stepping	: 0
microcode	: 0x6000626
cpu MHz		: 4000.108
cache size	: 2048 KB
physical id	: 0
siblings	: 6
core id		: 4
cpu cores	: 6
apicid		: 4
initial apicid	: 4
fpu		: yes
fpu_exception	: yes
cpuid level	: 13
wp		: yes
flags		: fpu vme de pse tsc msr pae mce cx8 apic sep mtrr pge mca cmov pat pse36 clflush mmx fxsr sse sse2 ht syscall nx mmxext fxsr_opt rdtscp lm rep_good nopl cpuid extd_apicid pni pclmulqdq ssse3 cx16 sse4_1 sse4_2 x2apic popcnt aes xsave avx hypervisor lahf_lm cmp_legacy cr8_legacy abm sse4a misalignsse 3dnowprefetch retpoline rsb_ctxsw vmmcall arat
bugs		: fxsave_leak sysret_ss_attrs null_seg spectre_v1 spectre_v2
bogomips	: 8000.21
TLB size	: 1536 4K pages
clflush size	: 64
cache_alignment	: 64
address sizes	: 48 bits physical, 48 bits virtual
power management:

processor	: 5
vendor_id	: AuthenticAMD
cpu family	: 21
model		: 2
model name	: AMD FX(tm)-8350 Eight-Core Processor
stepping	: 0
microcode	: 0x6000626
cpu MHz		: 4000.108
cache size	: 2048 KB
physical id	: 0
siblings	: 6
core id		: 5
cpu cores	: 6
apicid		: 5
initial apicid	: 5
fpu		: yes
fpu_exception	: yes
cpuid level	: 13
wp		: yes
flags		: fpu vme de pse tsc msr pae mce cx8 apic sep mtrr pge mca cmov pat pse36 clflush mmx fxsr sse sse2 ht syscall nx mmxext fxsr_opt rdtscp lm rep_good nopl cpuid extd_apicid pni pclmulqdq ssse3 cx16 sse4_1 sse4_2 x2apic popcnt aes xsave avx hypervisor lahf_lm cmp_legacy cr8_legacy abm sse4a misalignsse 3dnowprefetch retpoline rsb_ctxsw vmmcall arat
bugs		: fxsave_leak sysret_ss_attrs null_seg spectre_v1 spectre_v2
bogomips	: 8000.21
TLB size	: 1536 4K pages
clflush size	: 64
cache_alignment	: 64
address sizes	: 48 bits physical, 48 bits virtual
power management:



Memory: 4k page, physical 8167848k(120272k free), swap 2095100k(0k free)

vm_info: Java HotSpot(TM) 64-Bit Server VM (25.171-b11) for linux-amd64 JRE (1.8.0_171-b11), built on Mar 28 2018 17:07:08 by "java_re" with gcc 4.3.0 20080428 (Red Hat 4.3.0-8)

time: Thu May 10 14:51:57 2018
elapsed time: 126 seconds (0d 0h 2m 6s)

